99.07.10 13:49 B C:\WINDOWS\Profiles\tiffany\Desktop\Ram's Head\archives\sprshow\95\index.html <-- WS_FTP32 /afs/ir.stanford.edu/group/rams-head/WWW/archives/sprshow/95 index.html
99.07.10 13:49 B C:\WINDOWS\Profiles\tiffany\Desktop\Ram's Head\archives\sprshow\95\logo-100.gif <-- WS_FTP32 /afs/ir.stanford.edu/group/rams-head/WWW/archives/sprshow/95 logo-100.gif
99.07.10 13:49 B C:\WINDOWS\Profiles\tiffany\Desktop\Ram's Head\archives\sprshow\95\ooti.html <-- WS_FTP32 /afs/ir.stanford.edu/group/rams-head/WWW/archives/sprshow/95 ooti.html
99.07.10 13:49 B C:\WINDOWS\Profiles\tiffany\Desktop\Ram's Head\archives\sprshow\95\salma.gif <-- WS_FTP32 /afs/ir.stanford.edu/group/rams-head/WWW/archives/sprshow/95 salma.gif
99.07.10 13:49 B C:\WINDOWS\Profiles\tiffany\Desktop\Ram's Head\archives\sprshow\95\tami.gif <-- WS_FTP32 /afs/ir.stanford.edu/group/rams-head/WWW/archives/sprshow/95 tami.gif
99.07.10 13:49 B C:\WINDOWS\Profiles\tiffany\Desktop\Ram's Head\archives\sprshow\95\teaser-100.gif <-- WS_FTP32 /afs/ir.stanford.edu/group/rams-head/WWW/archives/sprshow/95 teaser-100.gif
99.07.10 13:50 B C:\WINDOWS\Profiles\tiffany\Desktop\Ram's Head\archives\sprshow\95\teaser-250.gif <-- WS_FTP32 /afs/ir.stanford.edu/group/rams-head/WWW/archives/sprshow/95 teaser-250.gif
99.07.10 13:51 B C:\WINDOWS\Profiles\tiffany\Desktop\Ram's Head\archives\sprshow\95\teaser.jpg <-- WS_FTP32 /afs/ir.stanford.edu/group/rams-head/WWW/archives/sprshow/95 teaser.jpg
99.09.24 01:15 B C:\WebShare\wwwroot\ramshead\archives\sprshow\95\Default.htm --> transfer.stanford.edu /afs/ir.stanford.edu/group/rams-head/WWW/archives/sprshow/95 Default.htm
99.09.24 01:15 B C:\WebShare\wwwroot\ramshead\archives\sprshow\95\logo-100.gif --> transfer.stanford.edu /afs/ir.stanford.edu/group/rams-head/WWW/archives/sprshow/95 logo-100.gif
99.09.24 01:15 B C:\WebShare\wwwroot\ramshead\archives\sprshow\95\ooti.html --> transfer.stanford.edu /afs/ir.stanford.edu/group/rams-head/WWW/archives/sprshow/95 ooti.html
99.09.24 01:15 B C:\WebShare\wwwroot\ramshead\archives\sprshow\95\salma.gif --> transfer.stanford.edu /afs/ir.stanford.edu/group/rams-head/WWW/archives/sprshow/95 salma.gif
99.09.24 01:15 B C:\WebShare\wwwroot\ramshead\archives\sprshow\95\tami.gif --> transfer.stanford.edu /afs/ir.stanford.edu/group/rams-head/WWW/archives/sprshow/95 tami.gif
99.09.24 01:15 B C:\WebShare\wwwroot\ramshead\archives\sprshow\95\teaser-100.gif --> transfer.stanford.edu /afs/ir.stanford.edu/group/rams-head/WWW/archives/sprshow/95 teaser-100.gif
99.09.24 01:15 B C:\WebShare\wwwroot\ramshead\archives\sprshow\95\teaser-250.gif --> transfer.stanford.edu /afs/ir.stanford.edu/group/rams-head/WWW/archives/sprshow/95 teaser-250.gif
99.09.24 01:15 B C:\WebShare\wwwroot\ramshead\archives\sprshow\95\teaser.jpg --> transfer.stanford.edu /afs/ir.stanford.edu/group/rams-head/WWW/archives/sprshow/95 teaser.jpg
2000.09.27 23:53 B C:\My Documents\rams-head\WWW\archives\sprshow\95\ws_ftp.log <-- stanford /afs/ir/group/rams-head/WWW/archives/sprshow/95 ws_ftp.log
2000.10.05 23:47 B C:\My Documents\rams\archives\sprshow\95\Default.htm --> transfer.stanford.edu /afs/ir/group/rams-head/WWW/archives/sprshow/95 Default.htm
2000.10.05 23:47 B C:\My Documents\rams\archives\sprshow\95\index.html --> transfer.stanford.edu /afs/ir/group/rams-head/WWW/archives/sprshow/95 index.html
2000.10.05 23:47 B C:\My Documents\rams\archives\sprshow\95\logo-100.gif --> transfer.stanford.edu /afs/ir/group/rams-head/WWW/archives/sprshow/95 logo-100.gif
2000.10.05 23:47 B C:\My Documents\rams\archives\sprshow\95\ooti.html --> transfer.stanford.edu /afs/ir/group/rams-head/WWW/archives/sprshow/95 ooti.html
2000.10.05 23:47 B C:\My Documents\rams\archives\sprshow\95\salma.gif --> transfer.stanford.edu /afs/ir/group/rams-head/WWW/archives/sprshow/95 salma.gif
2000.10.05 23:47 B C:\My Documents\rams\archives\sprshow\95\tami.gif --> transfer.stanford.edu /afs/ir/group/rams-head/WWW/archives/sprshow/95 tami.gif
2000.10.05 23:47 B C:\My Documents\rams\archives\sprshow\95\teaser-100.gif --> transfer.stanford.edu /afs/ir/group/rams-head/WWW/archives/sprshow/95 teaser-100.gif
2000.10.05 23:48 B C:\My Documents\rams\archives\sprshow\95\teaser-250.gif --> transfer.stanford.edu /afs/ir/group/rams-head/WWW/archives/sprshow/95 teaser-250.gif
2000.10.05 23:49 B C:\My Documents\rams\archives\sprshow\95\teaser.jpg --> transfer.stanford.edu /afs/ir/group/rams-head/WWW/archives/sprshow/95 teaser.jpg
