99.07.10 13:17 B C:\WINDOWS\Profiles\tiffany\Desktop\Ram's Head\archives\gaieties\91\cast.gif <-- WS_FTP32 /afs/ir.stanford.edu/group/rams-head/WWW/archives/gaieties/91 cast.gif
99.07.10 13:17 B C:\WINDOWS\Profiles\tiffany\Desktop\Ram's Head\archives\gaieties\91\don-don.gif <-- WS_FTP32 /afs/ir.stanford.edu/group/rams-head/WWW/archives/gaieties/91 don-don.gif
99.07.10 13:18 B C:\WINDOWS\Profiles\tiffany\Desktop\Ram's Head\archives\gaieties\91\finale.gif <-- WS_FTP32 /afs/ir.stanford.edu/group/rams-head/WWW/archives/gaieties/91 finale.gif
99.07.10 13:18 B C:\WINDOWS\Profiles\tiffany\Desktop\Ram's Head\archives\gaieties\91\game-show.gif <-- WS_FTP32 /afs/ir.stanford.edu/group/rams-head/WWW/archives/gaieties/91 game-show.gif
99.07.10 13:18 B C:\WINDOWS\Profiles\tiffany\Desktop\Ram's Head\archives\gaieties\91\pi-phis.gif <-- WS_FTP32 /afs/ir.stanford.edu/group/rams-head/WWW/archives/gaieties/91 pi-phis.gif
99.07.10 13:18 B C:\WINDOWS\Profiles\tiffany\Desktop\Ram's Head\archives\gaieties\91\pictures.html <-- WS_FTP32 /afs/ir.stanford.edu/group/rams-head/WWW/archives/gaieties/91 pictures.html
99.07.10 13:18 B C:\WINDOWS\Profiles\tiffany\Desktop\Ram's Head\archives\gaieties\91\program-100.gif <-- WS_FTP32 /afs/ir.stanford.edu/group/rams-head/WWW/archives/gaieties/91 program-100.gif
99.07.10 13:18 B C:\WINDOWS\Profiles\tiffany\Desktop\Ram's Head\archives\gaieties\91\quadfather.html <-- WS_FTP32 /afs/ir.stanford.edu/group/rams-head/WWW/archives/gaieties/91 quadfather.html
99.07.10 13:19 B C:\WINDOWS\Profiles\tiffany\Desktop\Ram's Head\archives\gaieties\91\script91.html <-- WS_FTP32 /afs/ir.stanford.edu/group/rams-head/WWW/archives/gaieties/91 script91.html
99.07.10 13:19 B C:\WINDOWS\Profiles\tiffany\Desktop\Ram's Head\archives\gaieties\91\wedding.gif <-- WS_FTP32 /afs/ir.stanford.edu/group/rams-head/WWW/archives/gaieties/91 wedding.gif
99.09.24 01:13 B C:\WebShare\wwwroot\ramshead\archives\gaieties\91\cast.gif --> transfer.stanford.edu /afs/ir.stanford.edu/group/rams-head/WWW/archives/gaieties/91 cast.gif
99.09.24 01:13 B C:\WebShare\wwwroot\ramshead\archives\gaieties\91\don-don.gif --> transfer.stanford.edu /afs/ir.stanford.edu/group/rams-head/WWW/archives/gaieties/91 don-don.gif
99.09.24 01:13 B C:\WebShare\wwwroot\ramshead\archives\gaieties\91\finale.gif --> transfer.stanford.edu /afs/ir.stanford.edu/group/rams-head/WWW/archives/gaieties/91 finale.gif
99.09.24 01:13 B C:\WebShare\wwwroot\ramshead\archives\gaieties\91\Full_Frontal_Gaieties --> transfer.stanford.edu /afs/ir.stanford.edu/group/rams-head/WWW/archives/gaieties/91 Full_Frontal_Gaieties
99.09.24 01:13 B C:\WebShare\wwwroot\ramshead\archives\gaieties\91\game-show.gif --> transfer.stanford.edu /afs/ir.stanford.edu/group/rams-head/WWW/archives/gaieties/91 game-show.gif
99.09.24 01:13 B C:\WebShare\wwwroot\ramshead\archives\gaieties\91\pi-phis.gif --> transfer.stanford.edu /afs/ir.stanford.edu/group/rams-head/WWW/archives/gaieties/91 pi-phis.gif
99.09.24 01:13 B C:\WebShare\wwwroot\ramshead\archives\gaieties\91\pictures.html --> transfer.stanford.edu /afs/ir.stanford.edu/group/rams-head/WWW/archives/gaieties/91 pictures.html
99.09.24 01:13 B C:\WebShare\wwwroot\ramshead\archives\gaieties\91\program-100.gif --> transfer.stanford.edu /afs/ir.stanford.edu/group/rams-head/WWW/archives/gaieties/91 program-100.gif
99.09.24 01:13 B C:\WebShare\wwwroot\ramshead\archives\gaieties\91\quadfather.html --> transfer.stanford.edu /afs/ir.stanford.edu/group/rams-head/WWW/archives/gaieties/91 quadfather.html
99.09.24 01:13 B C:\WebShare\wwwroot\ramshead\archives\gaieties\91\script91.html --> transfer.stanford.edu /afs/ir.stanford.edu/group/rams-head/WWW/archives/gaieties/91 script91.html
99.09.24 01:13 B C:\WebShare\wwwroot\ramshead\archives\gaieties\91\wedding.gif --> transfer.stanford.edu /afs/ir.stanford.edu/group/rams-head/WWW/archives/gaieties/91 wedding.gif
2000.09.27 23:31 B C:\My Documents\rams-head\WWW\archives\gaieties\91\ws_ftp.log <-- stanford /afs/ir/group/rams-head/WWW/archives/gaieties/91 ws_ftp.log
2000.10.05 23:06 B C:\My Documents\rams\archives\gaieties\91\cast.gif --> transfer.stanford.edu /afs/ir/group/rams-head/WWW/archives/gaieties/91 cast.gif
2000.10.05 23:06 B C:\My Documents\rams\archives\gaieties\91\don-don.gif --> transfer.stanford.edu /afs/ir/group/rams-head/WWW/archives/gaieties/91 don-don.gif
2000.10.05 23:07 B C:\My Documents\rams\archives\gaieties\91\finale.gif --> transfer.stanford.edu /afs/ir/group/rams-head/WWW/archives/gaieties/91 finale.gif
2000.10.05 23:07 B C:\My Documents\rams\archives\gaieties\91\Full_Frontal_Gaieties --> transfer.stanford.edu /afs/ir/group/rams-head/WWW/archives/gaieties/91 Full_Frontal_Gaieties
2000.10.05 23:07 B C:\My Documents\rams\archives\gaieties\91\game-show.gif --> transfer.stanford.edu /afs/ir/group/rams-head/WWW/archives/gaieties/91 game-show.gif
2000.10.05 23:07 B C:\My Documents\rams\archives\gaieties\91\pi-phis.gif --> transfer.stanford.edu /afs/ir/group/rams-head/WWW/archives/gaieties/91 pi-phis.gif
2000.10.05 23:07 B C:\My Documents\rams\archives\gaieties\91\pictures.html --> transfer.stanford.edu /afs/ir/group/rams-head/WWW/archives/gaieties/91 pictures.html
2000.10.05 23:07 B C:\My Documents\rams\archives\gaieties\91\program-100.gif --> transfer.stanford.edu /afs/ir/group/rams-head/WWW/archives/gaieties/91 program-100.gif
2000.10.05 23:07 B C:\My Documents\rams\archives\gaieties\91\quadfather.html --> transfer.stanford.edu /afs/ir/group/rams-head/WWW/archives/gaieties/91 quadfather.html
2000.10.05 23:08 B C:\My Documents\rams\archives\gaieties\91\script91.html --> transfer.stanford.edu /afs/ir/group/rams-head/WWW/archives/gaieties/91 script91.html
2000.10.05 23:08 B C:\My Documents\rams\archives\gaieties\91\wedding.gif --> transfer.stanford.edu /afs/ir/group/rams-head/WWW/archives/gaieties/91 wedding.gif
