2004.06.10 03:11 B C:\Documents and Settings\Owner\My Documents\Kiss Me Kate\Slides\JPGs\pics\KMK1-10.jpg --> transfer.stanford.edu /afs/ir/users/a/m/amreid/WWW/pics KMK1-10.jpg
2004.06.10 03:11 B C:\Documents and Settings\Owner\My Documents\Kiss Me Kate\Slides\JPGs\pics\KMK1-10s.jpg --> transfer.stanford.edu /afs/ir/users/a/m/amreid/WWW/pics KMK1-10s.jpg
2004.06.10 03:11 B C:\Documents and Settings\Owner\My Documents\Kiss Me Kate\Slides\JPGs\pics\KMK1-14.jpg --> transfer.stanford.edu /afs/ir/users/a/m/amreid/WWW/pics KMK1-14.jpg
2004.06.10 03:11 B C:\Documents and Settings\Owner\My Documents\Kiss Me Kate\Slides\JPGs\pics\KMK1-14s.jpg --> transfer.stanford.edu /afs/ir/users/a/m/amreid/WWW/pics KMK1-14s.jpg
2004.06.10 03:11 B C:\Documents and Settings\Owner\My Documents\Kiss Me Kate\Slides\JPGs\pics\KMK1-17.jpg --> transfer.stanford.edu /afs/ir/users/a/m/amreid/WWW/pics KMK1-17.jpg
2004.06.10 03:11 B C:\Documents and Settings\Owner\My Documents\Kiss Me Kate\Slides\JPGs\pics\KMK1-17s.jpg --> transfer.stanford.edu /afs/ir/users/a/m/amreid/WWW/pics KMK1-17s.jpg
2004.06.10 03:11 B C:\Documents and Settings\Owner\My Documents\Kiss Me Kate\Slides\JPGs\pics\KMK1-20.jpg --> transfer.stanford.edu /afs/ir/users/a/m/amreid/WWW/pics KMK1-20.jpg
2004.06.10 03:11 B C:\Documents and Settings\Owner\My Documents\Kiss Me Kate\Slides\JPGs\pics\KMK1-20s.jpg --> transfer.stanford.edu /afs/ir/users/a/m/amreid/WWW/pics KMK1-20s.jpg
2004.06.10 03:11 B C:\Documents and Settings\Owner\My Documents\Kiss Me Kate\Slides\JPGs\pics\KMK1-21.jpg --> transfer.stanford.edu /afs/ir/users/a/m/amreid/WWW/pics KMK1-21.jpg
2004.06.10 03:11 B C:\Documents and Settings\Owner\My Documents\Kiss Me Kate\Slides\JPGs\pics\KMK1-21s.jpg --> transfer.stanford.edu /afs/ir/users/a/m/amreid/WWW/pics KMK1-21s.jpg
2004.06.10 03:11 B C:\Documents and Settings\Owner\My Documents\Kiss Me Kate\Slides\JPGs\pics\KMK1-28.jpg --> transfer.stanford.edu /afs/ir/users/a/m/amreid/WWW/pics KMK1-28.jpg
2004.06.10 03:12 B C:\Documents and Settings\Owner\My Documents\Kiss Me Kate\Slides\JPGs\pics\KMK1-28s.jpg --> transfer.stanford.edu /afs/ir/users/a/m/amreid/WWW/pics KMK1-28s.jpg
2004.06.10 03:12 B C:\Documents and Settings\Owner\My Documents\Kiss Me Kate\Slides\JPGs\pics\KMK1-3.jpg --> transfer.stanford.edu /afs/ir/users/a/m/amreid/WWW/pics KMK1-3.jpg
2004.06.10 03:12 B C:\Documents and Settings\Owner\My Documents\Kiss Me Kate\Slides\JPGs\pics\KMK1-32.jpg --> transfer.stanford.edu /afs/ir/users/a/m/amreid/WWW/pics KMK1-32.jpg
2004.06.10 03:12 B C:\Documents and Settings\Owner\My Documents\Kiss Me Kate\Slides\JPGs\pics\KMK1-32s.jpg --> transfer.stanford.edu /afs/ir/users/a/m/amreid/WWW/pics KMK1-32s.jpg
2004.06.10 03:12 B C:\Documents and Settings\Owner\My Documents\Kiss Me Kate\Slides\JPGs\pics\KMK1-33.jpg --> transfer.stanford.edu /afs/ir/users/a/m/amreid/WWW/pics KMK1-33.jpg
2004.06.10 03:12 B C:\Documents and Settings\Owner\My Documents\Kiss Me Kate\Slides\JPGs\pics\KMK1-33s.jpg --> transfer.stanford.edu /afs/ir/users/a/m/amreid/WWW/pics KMK1-33s.jpg
2004.06.10 03:12 B C:\Documents and Settings\Owner\My Documents\Kiss Me Kate\Slides\JPGs\pics\KMK1-37.jpg --> transfer.stanford.edu /afs/ir/users/a/m/amreid/WWW/pics KMK1-37.jpg
2004.06.10 03:12 B C:\Documents and Settings\Owner\My Documents\Kiss Me Kate\Slides\JPGs\pics\KMK1-37s.jpg --> transfer.stanford.edu /afs/ir/users/a/m/amreid/WWW/pics KMK1-37s.jpg
2004.06.10 03:12 B C:\Documents and Settings\Owner\My Documents\Kiss Me Kate\Slides\JPGs\pics\KMK1-3s.jpg --> transfer.stanford.edu /afs/ir/users/a/m/amreid/WWW/pics KMK1-3s.jpg
2004.06.10 03:12 B C:\Documents and Settings\Owner\My Documents\Kiss Me Kate\Slides\JPGs\pics\KMK1-5.jpg --> transfer.stanford.edu /afs/ir/users/a/m/amreid/WWW/pics KMK1-5.jpg
2004.06.10 03:12 B C:\Documents and Settings\Owner\My Documents\Kiss Me Kate\Slides\JPGs\pics\KMK1-5s.jpg --> transfer.stanford.edu /afs/ir/users/a/m/amreid/WWW/pics KMK1-5s.jpg
2004.06.10 03:12 B C:\Documents and Settings\Owner\My Documents\Kiss Me Kate\Slides\JPGs\pics\KMK2-11.jpg --> transfer.stanford.edu /afs/ir/users/a/m/amreid/WWW/pics KMK2-11.jpg
2004.06.10 03:12 B C:\Documents and Settings\Owner\My Documents\Kiss Me Kate\Slides\JPGs\pics\KMK2-11s.jpg --> transfer.stanford.edu /afs/ir/users/a/m/amreid/WWW/pics KMK2-11s.jpg
2004.06.10 03:12 B C:\Documents and Settings\Owner\My Documents\Kiss Me Kate\Slides\JPGs\pics\KMK2-13.jpg --> transfer.stanford.edu /afs/ir/users/a/m/amreid/WWW/pics KMK2-13.jpg
2004.06.10 03:12 B C:\Documents and Settings\Owner\My Documents\Kiss Me Kate\Slides\JPGs\pics\KMK2-13s.jpg --> transfer.stanford.edu /afs/ir/users/a/m/amreid/WWW/pics KMK2-13s.jpg
2004.06.10 03:12 B C:\Documents and Settings\Owner\My Documents\Kiss Me Kate\Slides\JPGs\pics\KMK2-17.jpg --> transfer.stanford.edu /afs/ir/users/a/m/amreid/WWW/pics KMK2-17.jpg
2004.06.10 03:12 B C:\Documents and Settings\Owner\My Documents\Kiss Me Kate\Slides\JPGs\pics\KMK2-17s.jpg --> transfer.stanford.edu /afs/ir/users/a/m/amreid/WWW/pics KMK2-17s.jpg
2004.06.10 03:12 B C:\Documents and Settings\Owner\My Documents\Kiss Me Kate\Slides\JPGs\pics\KMK2-2.jpg --> transfer.stanford.edu /afs/ir/users/a/m/amreid/WWW/pics KMK2-2.jpg
2004.06.10 03:12 B C:\Documents and Settings\Owner\My Documents\Kiss Me Kate\Slides\JPGs\pics\KMK2-20.jpg --> transfer.stanford.edu /afs/ir/users/a/m/amreid/WWW/pics KMK2-20.jpg
2004.06.10 03:12 B C:\Documents and Settings\Owner\My Documents\Kiss Me Kate\Slides\JPGs\pics\KMK2-20s.jpg --> transfer.stanford.edu /afs/ir/users/a/m/amreid/WWW/pics KMK2-20s.jpg
2004.06.10 03:12 B C:\Documents and Settings\Owner\My Documents\Kiss Me Kate\Slides\JPGs\pics\KMK2-21.jpg --> transfer.stanford.edu /afs/ir/users/a/m/amreid/WWW/pics KMK2-21.jpg
2004.06.10 03:12 B C:\Documents and Settings\Owner\My Documents\Kiss Me Kate\Slides\JPGs\pics\KMK2-21s.jpg --> transfer.stanford.edu /afs/ir/users/a/m/amreid/WWW/pics KMK2-21s.jpg
2004.06.10 03:12 B C:\Documents and Settings\Owner\My Documents\Kiss Me Kate\Slides\JPGs\pics\KMK2-23.jpg --> transfer.stanford.edu /afs/ir/users/a/m/amreid/WWW/pics KMK2-23.jpg
2004.06.10 03:12 B C:\Documents and Settings\Owner\My Documents\Kiss Me Kate\Slides\JPGs\pics\KMK2-23s.jpg --> transfer.stanford.edu /afs/ir/users/a/m/amreid/WWW/pics KMK2-23s.jpg
2004.06.10 03:12 B C:\Documents and Settings\Owner\My Documents\Kiss Me Kate\Slides\JPGs\pics\KMK2-26.jpg --> transfer.stanford.edu /afs/ir/users/a/m/amreid/WWW/pics KMK2-26.jpg
2004.06.10 03:12 B C:\Documents and Settings\Owner\My Documents\Kiss Me Kate\Slides\JPGs\pics\KMK2-26s.jpg --> transfer.stanford.edu /afs/ir/users/a/m/amreid/WWW/pics KMK2-26s.jpg
2004.06.10 03:12 B C:\Documents and Settings\Owner\My Documents\Kiss Me Kate\Slides\JPGs\pics\KMK2-29.jpg --> transfer.stanford.edu /afs/ir/users/a/m/amreid/WWW/pics KMK2-29.jpg
2004.06.10 03:12 B C:\Documents and Settings\Owner\My Documents\Kiss Me Kate\Slides\JPGs\pics\KMK2-29s.jpg --> transfer.stanford.edu /afs/ir/users/a/m/amreid/WWW/pics KMK2-29s.jpg
2004.06.10 03:12 B C:\Documents and Settings\Owner\My Documents\Kiss Me Kate\Slides\JPGs\pics\KMK2-2s.jpg --> transfer.stanford.edu /afs/ir/users/a/m/amreid/WWW/pics KMK2-2s.jpg
2004.06.10 03:12 B C:\Documents and Settings\Owner\My Documents\Kiss Me Kate\Slides\JPGs\pics\KMK2-32.jpg --> transfer.stanford.edu /afs/ir/users/a/m/amreid/WWW/pics KMK2-32.jpg
2004.06.10 03:12 B C:\Documents and Settings\Owner\My Documents\Kiss Me Kate\Slides\JPGs\pics\KMK2-32s.jpg --> transfer.stanford.edu /afs/ir/users/a/m/amreid/WWW/pics KMK2-32s.jpg
2004.06.10 03:12 B C:\Documents and Settings\Owner\My Documents\Kiss Me Kate\Slides\JPGs\pics\KMK2-36.jpg --> transfer.stanford.edu /afs/ir/users/a/m/amreid/WWW/pics KMK2-36.jpg
2004.06.10 03:12 B C:\Documents and Settings\Owner\My Documents\Kiss Me Kate\Slides\JPGs\pics\KMK2-36s.jpg --> transfer.stanford.edu /afs/ir/users/a/m/amreid/WWW/pics KMK2-36s.jpg
2004.06.10 03:12 B C:\Documents and Settings\Owner\My Documents\Kiss Me Kate\Slides\JPGs\pics\KMK2-6.jpg --> transfer.stanford.edu /afs/ir/users/a/m/amreid/WWW/pics KMK2-6.jpg
2004.06.10 03:12 B C:\Documents and Settings\Owner\My Documents\Kiss Me Kate\Slides\JPGs\pics\KMK2-6s.jpg --> transfer.stanford.edu /afs/ir/users/a/m/amreid/WWW/pics KMK2-6s.jpg
2004.06.10 03:12 B C:\Documents and Settings\Owner\My Documents\Kiss Me Kate\Slides\JPGs\pics\KMK3-1.jpg --> transfer.stanford.edu /afs/ir/users/a/m/amreid/WWW/pics KMK3-1.jpg
2004.06.10 03:12 B C:\Documents and Settings\Owner\My Documents\Kiss Me Kate\Slides\JPGs\pics\KMK3-14.jpg --> transfer.stanford.edu /afs/ir/users/a/m/amreid/WWW/pics KMK3-14.jpg
2004.06.10 03:12 B C:\Documents and Settings\Owner\My Documents\Kiss Me Kate\Slides\JPGs\pics\KMK3-14s.jpg --> transfer.stanford.edu /afs/ir/users/a/m/amreid/WWW/pics KMK3-14s.jpg
2004.06.10 03:12 B C:\Documents and Settings\Owner\My Documents\Kiss Me Kate\Slides\JPGs\pics\KMK3-15.jpg --> transfer.stanford.edu /afs/ir/users/a/m/amreid/WWW/pics KMK3-15.jpg
2004.06.10 03:12 B C:\Documents and Settings\Owner\My Documents\Kiss Me Kate\Slides\JPGs\pics\KMK3-15s.jpg --> transfer.stanford.edu /afs/ir/users/a/m/amreid/WWW/pics KMK3-15s.jpg
2004.06.10 03:12 B C:\Documents and Settings\Owner\My Documents\Kiss Me Kate\Slides\JPGs\pics\KMK3-18.jpg --> transfer.stanford.edu /afs/ir/users/a/m/amreid/WWW/pics KMK3-18.jpg
2004.06.10 03:12 B C:\Documents and Settings\Owner\My Documents\Kiss Me Kate\Slides\JPGs\pics\KMK3-18s.jpg --> transfer.stanford.edu /afs/ir/users/a/m/amreid/WWW/pics KMK3-18s.jpg
2004.06.10 03:12 B C:\Documents and Settings\Owner\My Documents\Kiss Me Kate\Slides\JPGs\pics\KMK3-1s.jpg --> transfer.stanford.edu /afs/ir/users/a/m/amreid/WWW/pics KMK3-1s.jpg
2004.06.10 03:12 B C:\Documents and Settings\Owner\My Documents\Kiss Me Kate\Slides\JPGs\pics\KMK3-20.jpg --> transfer.stanford.edu /afs/ir/users/a/m/amreid/WWW/pics KMK3-20.jpg
2004.06.10 03:12 B C:\Documents and Settings\Owner\My Documents\Kiss Me Kate\Slides\JPGs\pics\KMK3-20s.jpg --> transfer.stanford.edu /afs/ir/users/a/m/amreid/WWW/pics KMK3-20s.jpg
2004.06.10 03:12 B C:\Documents and Settings\Owner\My Documents\Kiss Me Kate\Slides\JPGs\pics\KMK3-24.jpg --> transfer.stanford.edu /afs/ir/users/a/m/amreid/WWW/pics KMK3-24.jpg
2004.06.10 03:12 B C:\Documents and Settings\Owner\My Documents\Kiss Me Kate\Slides\JPGs\pics\KMK3-24s.jpg --> transfer.stanford.edu /afs/ir/users/a/m/amreid/WWW/pics KMK3-24s.jpg
2004.06.10 03:12 B C:\Documents and Settings\Owner\My Documents\Kiss Me Kate\Slides\JPGs\pics\KMK3-26.jpg --> transfer.stanford.edu /afs/ir/users/a/m/amreid/WWW/pics KMK3-26.jpg
2004.06.10 03:12 B C:\Documents and Settings\Owner\My Documents\Kiss Me Kate\Slides\JPGs\pics\KMK3-26s.jpg --> transfer.stanford.edu /afs/ir/users/a/m/amreid/WWW/pics KMK3-26s.jpg
2004.06.10 03:12 B C:\Documents and Settings\Owner\My Documents\Kiss Me Kate\Slides\JPGs\pics\KMK3-29.jpg --> transfer.stanford.edu /afs/ir/users/a/m/amreid/WWW/pics KMK3-29.jpg
2004.06.10 03:12 B C:\Documents and Settings\Owner\My Documents\Kiss Me Kate\Slides\JPGs\pics\KMK3-29s.jpg --> transfer.stanford.edu /afs/ir/users/a/m/amreid/WWW/pics KMK3-29s.jpg
2004.06.10 03:12 B C:\Documents and Settings\Owner\My Documents\Kiss Me Kate\Slides\JPGs\pics\KMK3-3.jpg --> transfer.stanford.edu /afs/ir/users/a/m/amreid/WWW/pics KMK3-3.jpg
2004.06.10 03:12 B C:\Documents and Settings\Owner\My Documents\Kiss Me Kate\Slides\JPGs\pics\KMK3-30.jpg --> transfer.stanford.edu /afs/ir/users/a/m/amreid/WWW/pics KMK3-30.jpg
2004.06.10 03:12 B C:\Documents and Settings\Owner\My Documents\Kiss Me Kate\Slides\JPGs\pics\KMK3-30s.jpg --> transfer.stanford.edu /afs/ir/users/a/m/amreid/WWW/pics KMK3-30s.jpg
2004.06.10 03:12 B C:\Documents and Settings\Owner\My Documents\Kiss Me Kate\Slides\JPGs\pics\KMK3-31.jpg --> transfer.stanford.edu /afs/ir/users/a/m/amreid/WWW/pics KMK3-31.jpg
2004.06.10 03:12 B C:\Documents and Settings\Owner\My Documents\Kiss Me Kate\Slides\JPGs\pics\KMK3-31s.jpg --> transfer.stanford.edu /afs/ir/users/a/m/amreid/WWW/pics KMK3-31s.jpg
2004.06.10 03:12 B C:\Documents and Settings\Owner\My Documents\Kiss Me Kate\Slides\JPGs\pics\KMK3-32.jpg --> transfer.stanford.edu /afs/ir/users/a/m/amreid/WWW/pics KMK3-32.jpg
2004.06.10 03:12 B C:\Documents and Settings\Owner\My Documents\Kiss Me Kate\Slides\JPGs\pics\KMK3-32s.jpg --> transfer.stanford.edu /afs/ir/users/a/m/amreid/WWW/pics KMK3-32s.jpg
2004.06.10 03:12 B C:\Documents and Settings\Owner\My Documents\Kiss Me Kate\Slides\JPGs\pics\KMK3-34.jpg --> transfer.stanford.edu /afs/ir/users/a/m/amreid/WWW/pics KMK3-34.jpg
2004.06.10 03:12 B C:\Documents and Settings\Owner\My Documents\Kiss Me Kate\Slides\JPGs\pics\KMK3-34s.jpg --> transfer.stanford.edu /afs/ir/users/a/m/amreid/WWW/pics KMK3-34s.jpg
2004.06.10 03:12 B C:\Documents and Settings\Owner\My Documents\Kiss Me Kate\Slides\JPGs\pics\KMK3-3s.jpg --> transfer.stanford.edu /afs/ir/users/a/m/amreid/WWW/pics KMK3-3s.jpg
2004.06.10 03:12 B C:\Documents and Settings\Owner\My Documents\Kiss Me Kate\Slides\JPGs\pics\KMK3-4.jpg --> transfer.stanford.edu /afs/ir/users/a/m/amreid/WWW/pics KMK3-4.jpg
2004.06.10 03:12 B C:\Documents and Settings\Owner\My Documents\Kiss Me Kate\Slides\JPGs\pics\KMK3-4s.jpg --> transfer.stanford.edu /afs/ir/users/a/m/amreid/WWW/pics KMK3-4s.jpg
2004.06.10 03:12 B C:\Documents and Settings\Owner\My Documents\Kiss Me Kate\Slides\JPGs\pics\KMK3-8.jpg --> transfer.stanford.edu /afs/ir/users/a/m/amreid/WWW/pics KMK3-8.jpg
2004.06.10 03:12 B C:\Documents and Settings\Owner\My Documents\Kiss Me Kate\Slides\JPGs\pics\KMK3-8s.jpg --> transfer.stanford.edu /afs/ir/users/a/m/amreid/WWW/pics KMK3-8s.jpg
2004.06.10 03:12 B C:\Documents and Settings\Owner\My Documents\Kiss Me Kate\Slides\JPGs\pics\KMK4-3.jpg --> transfer.stanford.edu /afs/ir/users/a/m/amreid/WWW/pics KMK4-3.jpg
2004.06.10 03:12 B C:\Documents and Settings\Owner\My Documents\Kiss Me Kate\Slides\JPGs\pics\KMK4-3s.jpg --> transfer.stanford.edu /afs/ir/users/a/m/amreid/WWW/pics KMK4-3s.jpg
2004.06.10 03:12 B C:\Documents and Settings\Owner\My Documents\Kiss Me Kate\Slides\JPGs\pics\KMK4-6.jpg --> transfer.stanford.edu /afs/ir/users/a/m/amreid/WWW/pics KMK4-6.jpg
2004.06.10 03:12 B C:\Documents and Settings\Owner\My Documents\Kiss Me Kate\Slides\JPGs\pics\KMK4-6s.jpg --> transfer.stanford.edu /afs/ir/users/a/m/amreid/WWW/pics KMK4-6s.jpg
2004.06.10 03:13 B C:\Documents and Settings\Owner\My Documents\Kiss Me Kate\Slides\JPGs\pics\KMK1-10.jpg --> transfer.stanford.edu /afs/ir/group/rams-head/WWW/archives/sprshow/04/pics KMK1-10.jpg
2004.06.10 03:13 B C:\Documents and Settings\Owner\My Documents\Kiss Me Kate\Slides\JPGs\pics\KMK1-10s.jpg --> transfer.stanford.edu /afs/ir/group/rams-head/WWW/archives/sprshow/04/pics KMK1-10s.jpg
2004.06.10 03:13 B C:\Documents and Settings\Owner\My Documents\Kiss Me Kate\Slides\JPGs\pics\KMK1-14.jpg --> transfer.stanford.edu /afs/ir/group/rams-head/WWW/archives/sprshow/04/pics KMK1-14.jpg
2004.06.10 03:13 B C:\Documents and Settings\Owner\My Documents\Kiss Me Kate\Slides\JPGs\pics\KMK1-14s.jpg --> transfer.stanford.edu /afs/ir/group/rams-head/WWW/archives/sprshow/04/pics KMK1-14s.jpg
2004.06.10 03:13 B C:\Documents and Settings\Owner\My Documents\Kiss Me Kate\Slides\JPGs\pics\KMK1-17.jpg --> transfer.stanford.edu /afs/ir/group/rams-head/WWW/archives/sprshow/04/pics KMK1-17.jpg
2004.06.10 03:13 B C:\Documents and Settings\Owner\My Documents\Kiss Me Kate\Slides\JPGs\pics\KMK1-17s.jpg --> transfer.stanford.edu /afs/ir/group/rams-head/WWW/archives/sprshow/04/pics KMK1-17s.jpg
2004.06.10 03:13 B C:\Documents and Settings\Owner\My Documents\Kiss Me Kate\Slides\JPGs\pics\KMK1-20.jpg --> transfer.stanford.edu /afs/ir/group/rams-head/WWW/archives/sprshow/04/pics KMK1-20.jpg
2004.06.10 03:13 B C:\Documents and Settings\Owner\My Documents\Kiss Me Kate\Slides\JPGs\pics\KMK1-20s.jpg --> transfer.stanford.edu /afs/ir/group/rams-head/WWW/archives/sprshow/04/pics KMK1-20s.jpg
2004.06.10 03:13 B C:\Documents and Settings\Owner\My Documents\Kiss Me Kate\Slides\JPGs\pics\KMK1-21.jpg --> transfer.stanford.edu /afs/ir/group/rams-head/WWW/archives/sprshow/04/pics KMK1-21.jpg
2004.06.10 03:13 B C:\Documents and Settings\Owner\My Documents\Kiss Me Kate\Slides\JPGs\pics\KMK1-21s.jpg --> transfer.stanford.edu /afs/ir/group/rams-head/WWW/archives/sprshow/04/pics KMK1-21s.jpg
2004.06.10 03:13 B C:\Documents and Settings\Owner\My Documents\Kiss Me Kate\Slides\JPGs\pics\KMK1-28.jpg --> transfer.stanford.edu /afs/ir/group/rams-head/WWW/archives/sprshow/04/pics KMK1-28.jpg
2004.06.10 03:13 B C:\Documents and Settings\Owner\My Documents\Kiss Me Kate\Slides\JPGs\pics\KMK1-28s.jpg --> transfer.stanford.edu /afs/ir/group/rams-head/WWW/archives/sprshow/04/pics KMK1-28s.jpg
2004.06.10 03:13 B C:\Documents and Settings\Owner\My Documents\Kiss Me Kate\Slides\JPGs\pics\KMK1-3.jpg --> transfer.stanford.edu /afs/ir/group/rams-head/WWW/archives/sprshow/04/pics KMK1-3.jpg
2004.06.10 03:13 B C:\Documents and Settings\Owner\My Documents\Kiss Me Kate\Slides\JPGs\pics\KMK1-32.jpg --> transfer.stanford.edu /afs/ir/group/rams-head/WWW/archives/sprshow/04/pics KMK1-32.jpg
2004.06.10 03:13 B C:\Documents and Settings\Owner\My Documents\Kiss Me Kate\Slides\JPGs\pics\KMK1-32s.jpg --> transfer.stanford.edu /afs/ir/group/rams-head/WWW/archives/sprshow/04/pics KMK1-32s.jpg
2004.06.10 03:13 B C:\Documents and Settings\Owner\My Documents\Kiss Me Kate\Slides\JPGs\pics\KMK1-33.jpg --> transfer.stanford.edu /afs/ir/group/rams-head/WWW/archives/sprshow/04/pics KMK1-33.jpg
2004.06.10 03:13 B C:\Documents and Settings\Owner\My Documents\Kiss Me Kate\Slides\JPGs\pics\KMK1-33s.jpg --> transfer.stanford.edu /afs/ir/group/rams-head/WWW/archives/sprshow/04/pics KMK1-33s.jpg
2004.06.10 03:13 B C:\Documents and Settings\Owner\My Documents\Kiss Me Kate\Slides\JPGs\pics\KMK1-37.jpg --> transfer.stanford.edu /afs/ir/group/rams-head/WWW/archives/sprshow/04/pics KMK1-37.jpg
2004.06.10 03:13 B C:\Documents and Settings\Owner\My Documents\Kiss Me Kate\Slides\JPGs\pics\KMK1-37s.jpg --> transfer.stanford.edu /afs/ir/group/rams-head/WWW/archives/sprshow/04/pics KMK1-37s.jpg
2004.06.10 03:13 B C:\Documents and Settings\Owner\My Documents\Kiss Me Kate\Slides\JPGs\pics\KMK1-3s.jpg --> transfer.stanford.edu /afs/ir/group/rams-head/WWW/archives/sprshow/04/pics KMK1-3s.jpg
2004.06.10 03:13 B C:\Documents and Settings\Owner\My Documents\Kiss Me Kate\Slides\JPGs\pics\KMK1-5.jpg --> transfer.stanford.edu /afs/ir/group/rams-head/WWW/archives/sprshow/04/pics KMK1-5.jpg
2004.06.10 03:13 B C:\Documents and Settings\Owner\My Documents\Kiss Me Kate\Slides\JPGs\pics\KMK1-5s.jpg --> transfer.stanford.edu /afs/ir/group/rams-head/WWW/archives/sprshow/04/pics KMK1-5s.jpg
2004.06.10 03:13 B C:\Documents and Settings\Owner\My Documents\Kiss Me Kate\Slides\JPGs\pics\KMK2-11.jpg --> transfer.stanford.edu /afs/ir/group/rams-head/WWW/archives/sprshow/04/pics KMK2-11.jpg
2004.06.10 03:13 B C:\Documents and Settings\Owner\My Documents\Kiss Me Kate\Slides\JPGs\pics\KMK2-11s.jpg --> transfer.stanford.edu /afs/ir/group/rams-head/WWW/archives/sprshow/04/pics KMK2-11s.jpg
2004.06.10 03:13 B C:\Documents and Settings\Owner\My Documents\Kiss Me Kate\Slides\JPGs\pics\KMK2-13.jpg --> transfer.stanford.edu /afs/ir/group/rams-head/WWW/archives/sprshow/04/pics KMK2-13.jpg
2004.06.10 03:13 B C:\Documents and Settings\Owner\My Documents\Kiss Me Kate\Slides\JPGs\pics\KMK2-13s.jpg --> transfer.stanford.edu /afs/ir/group/rams-head/WWW/archives/sprshow/04/pics KMK2-13s.jpg
2004.06.10 03:13 B C:\Documents and Settings\Owner\My Documents\Kiss Me Kate\Slides\JPGs\pics\KMK2-17.jpg --> transfer.stanford.edu /afs/ir/group/rams-head/WWW/archives/sprshow/04/pics KMK2-17.jpg
2004.06.10 03:13 B C:\Documents and Settings\Owner\My Documents\Kiss Me Kate\Slides\JPGs\pics\KMK2-17s.jpg --> transfer.stanford.edu /afs/ir/group/rams-head/WWW/archives/sprshow/04/pics KMK2-17s.jpg
2004.06.10 03:13 B C:\Documents and Settings\Owner\My Documents\Kiss Me Kate\Slides\JPGs\pics\KMK2-2.jpg --> transfer.stanford.edu /afs/ir/group/rams-head/WWW/archives/sprshow/04/pics KMK2-2.jpg
2004.06.10 03:13 B C:\Documents and Settings\Owner\My Documents\Kiss Me Kate\Slides\JPGs\pics\KMK2-20.jpg --> transfer.stanford.edu /afs/ir/group/rams-head/WWW/archives/sprshow/04/pics KMK2-20.jpg
2004.06.10 03:13 B C:\Documents and Settings\Owner\My Documents\Kiss Me Kate\Slides\JPGs\pics\KMK2-20s.jpg --> transfer.stanford.edu /afs/ir/group/rams-head/WWW/archives/sprshow/04/pics KMK2-20s.jpg
2004.06.10 03:13 B C:\Documents and Settings\Owner\My Documents\Kiss Me Kate\Slides\JPGs\pics\KMK2-21.jpg --> transfer.stanford.edu /afs/ir/group/rams-head/WWW/archives/sprshow/04/pics KMK2-21.jpg
2004.06.10 03:13 B C:\Documents and Settings\Owner\My Documents\Kiss Me Kate\Slides\JPGs\pics\KMK2-21s.jpg --> transfer.stanford.edu /afs/ir/group/rams-head/WWW/archives/sprshow/04/pics KMK2-21s.jpg
2004.06.10 03:13 B C:\Documents and Settings\Owner\My Documents\Kiss Me Kate\Slides\JPGs\pics\KMK2-23.jpg --> transfer.stanford.edu /afs/ir/group/rams-head/WWW/archives/sprshow/04/pics KMK2-23.jpg
2004.06.10 03:13 B C:\Documents and Settings\Owner\My Documents\Kiss Me Kate\Slides\JPGs\pics\KMK2-23s.jpg --> transfer.stanford.edu /afs/ir/group/rams-head/WWW/archives/sprshow/04/pics KMK2-23s.jpg
2004.06.10 03:13 B C:\Documents and Settings\Owner\My Documents\Kiss Me Kate\Slides\JPGs\pics\KMK2-26.jpg --> transfer.stanford.edu /afs/ir/group/rams-head/WWW/archives/sprshow/04/pics KMK2-26.jpg
2004.06.10 03:13 B C:\Documents and Settings\Owner\My Documents\Kiss Me Kate\Slides\JPGs\pics\KMK2-26s.jpg --> transfer.stanford.edu /afs/ir/group/rams-head/WWW/archives/sprshow/04/pics KMK2-26s.jpg
2004.06.10 03:13 B C:\Documents and Settings\Owner\My Documents\Kiss Me Kate\Slides\JPGs\pics\KMK2-29.jpg --> transfer.stanford.edu /afs/ir/group/rams-head/WWW/archives/sprshow/04/pics KMK2-29.jpg
2004.06.10 03:13 B C:\Documents and Settings\Owner\My Documents\Kiss Me Kate\Slides\JPGs\pics\KMK2-29s.jpg --> transfer.stanford.edu /afs/ir/group/rams-head/WWW/archives/sprshow/04/pics KMK2-29s.jpg
2004.06.10 03:13 B C:\Documents and Settings\Owner\My Documents\Kiss Me Kate\Slides\JPGs\pics\KMK2-2s.jpg --> transfer.stanford.edu /afs/ir/group/rams-head/WWW/archives/sprshow/04/pics KMK2-2s.jpg
2004.06.10 03:13 B C:\Documents and Settings\Owner\My Documents\Kiss Me Kate\Slides\JPGs\pics\KMK2-32.jpg --> transfer.stanford.edu /afs/ir/group/rams-head/WWW/archives/sprshow/04/pics KMK2-32.jpg
2004.06.10 03:13 B C:\Documents and Settings\Owner\My Documents\Kiss Me Kate\Slides\JPGs\pics\KMK2-32s.jpg --> transfer.stanford.edu /afs/ir/group/rams-head/WWW/archives/sprshow/04/pics KMK2-32s.jpg
2004.06.10 03:13 B C:\Documents and Settings\Owner\My Documents\Kiss Me Kate\Slides\JPGs\pics\KMK2-36.jpg --> transfer.stanford.edu /afs/ir/group/rams-head/WWW/archives/sprshow/04/pics KMK2-36.jpg
2004.06.10 03:13 B C:\Documents and Settings\Owner\My Documents\Kiss Me Kate\Slides\JPGs\pics\KMK2-36s.jpg --> transfer.stanford.edu /afs/ir/group/rams-head/WWW/archives/sprshow/04/pics KMK2-36s.jpg
2004.06.10 03:13 B C:\Documents and Settings\Owner\My Documents\Kiss Me Kate\Slides\JPGs\pics\KMK2-6.jpg --> transfer.stanford.edu /afs/ir/group/rams-head/WWW/archives/sprshow/04/pics KMK2-6.jpg
2004.06.10 03:13 B C:\Documents and Settings\Owner\My Documents\Kiss Me Kate\Slides\JPGs\pics\KMK2-6s.jpg --> transfer.stanford.edu /afs/ir/group/rams-head/WWW/archives/sprshow/04/pics KMK2-6s.jpg
2004.06.10 03:13 B C:\Documents and Settings\Owner\My Documents\Kiss Me Kate\Slides\JPGs\pics\KMK3-1.jpg --> transfer.stanford.edu /afs/ir/group/rams-head/WWW/archives/sprshow/04/pics KMK3-1.jpg
2004.06.10 03:13 B C:\Documents and Settings\Owner\My Documents\Kiss Me Kate\Slides\JPGs\pics\KMK3-14.jpg --> transfer.stanford.edu /afs/ir/group/rams-head/WWW/archives/sprshow/04/pics KMK3-14.jpg
2004.06.10 03:13 B C:\Documents and Settings\Owner\My Documents\Kiss Me Kate\Slides\JPGs\pics\KMK3-14s.jpg --> transfer.stanford.edu /afs/ir/group/rams-head/WWW/archives/sprshow/04/pics KMK3-14s.jpg
2004.06.10 03:13 B C:\Documents and Settings\Owner\My Documents\Kiss Me Kate\Slides\JPGs\pics\KMK3-15.jpg --> transfer.stanford.edu /afs/ir/group/rams-head/WWW/archives/sprshow/04/pics KMK3-15.jpg
2004.06.10 03:13 B C:\Documents and Settings\Owner\My Documents\Kiss Me Kate\Slides\JPGs\pics\KMK3-15s.jpg --> transfer.stanford.edu /afs/ir/group/rams-head/WWW/archives/sprshow/04/pics KMK3-15s.jpg
2004.06.10 03:13 B C:\Documents and Settings\Owner\My Documents\Kiss Me Kate\Slides\JPGs\pics\KMK3-18.jpg --> transfer.stanford.edu /afs/ir/group/rams-head/WWW/archives/sprshow/04/pics KMK3-18.jpg
2004.06.10 03:13 B C:\Documents and Settings\Owner\My Documents\Kiss Me Kate\Slides\JPGs\pics\KMK3-18s.jpg --> transfer.stanford.edu /afs/ir/group/rams-head/WWW/archives/sprshow/04/pics KMK3-18s.jpg
2004.06.10 03:13 B C:\Documents and Settings\Owner\My Documents\Kiss Me Kate\Slides\JPGs\pics\KMK3-1s.jpg --> transfer.stanford.edu /afs/ir/group/rams-head/WWW/archives/sprshow/04/pics KMK3-1s.jpg
2004.06.10 03:13 B C:\Documents and Settings\Owner\My Documents\Kiss Me Kate\Slides\JPGs\pics\KMK3-20.jpg --> transfer.stanford.edu /afs/ir/group/rams-head/WWW/archives/sprshow/04/pics KMK3-20.jpg
2004.06.10 03:13 B C:\Documents and Settings\Owner\My Documents\Kiss Me Kate\Slides\JPGs\pics\KMK3-20s.jpg --> transfer.stanford.edu /afs/ir/group/rams-head/WWW/archives/sprshow/04/pics KMK3-20s.jpg
2004.06.10 03:13 B C:\Documents and Settings\Owner\My Documents\Kiss Me Kate\Slides\JPGs\pics\KMK3-24.jpg --> transfer.stanford.edu /afs/ir/group/rams-head/WWW/archives/sprshow/04/pics KMK3-24.jpg
2004.06.10 03:13 B C:\Documents and Settings\Owner\My Documents\Kiss Me Kate\Slides\JPGs\pics\KMK3-24s.jpg --> transfer.stanford.edu /afs/ir/group/rams-head/WWW/archives/sprshow/04/pics KMK3-24s.jpg
2004.06.10 03:13 B C:\Documents and Settings\Owner\My Documents\Kiss Me Kate\Slides\JPGs\pics\KMK3-26.jpg --> transfer.stanford.edu /afs/ir/group/rams-head/WWW/archives/sprshow/04/pics KMK3-26.jpg
2004.06.10 03:13 B C:\Documents and Settings\Owner\My Documents\Kiss Me Kate\Slides\JPGs\pics\KMK3-26s.jpg --> transfer.stanford.edu /afs/ir/group/rams-head/WWW/archives/sprshow/04/pics KMK3-26s.jpg
2004.06.10 03:13 B C:\Documents and Settings\Owner\My Documents\Kiss Me Kate\Slides\JPGs\pics\KMK3-29.jpg --> transfer.stanford.edu /afs/ir/group/rams-head/WWW/archives/sprshow/04/pics KMK3-29.jpg
2004.06.10 03:13 B C:\Documents and Settings\Owner\My Documents\Kiss Me Kate\Slides\JPGs\pics\KMK3-29s.jpg --> transfer.stanford.edu /afs/ir/group/rams-head/WWW/archives/sprshow/04/pics KMK3-29s.jpg
2004.06.10 03:13 B C:\Documents and Settings\Owner\My Documents\Kiss Me Kate\Slides\JPGs\pics\KMK3-3.jpg --> transfer.stanford.edu /afs/ir/group/rams-head/WWW/archives/sprshow/04/pics KMK3-3.jpg
2004.06.10 03:13 B C:\Documents and Settings\Owner\My Documents\Kiss Me Kate\Slides\JPGs\pics\KMK3-30.jpg --> transfer.stanford.edu /afs/ir/group/rams-head/WWW/archives/sprshow/04/pics KMK3-30.jpg
2004.06.10 03:13 B C:\Documents and Settings\Owner\My Documents\Kiss Me Kate\Slides\JPGs\pics\KMK3-30s.jpg --> transfer.stanford.edu /afs/ir/group/rams-head/WWW/archives/sprshow/04/pics KMK3-30s.jpg
2004.06.10 03:13 B C:\Documents and Settings\Owner\My Documents\Kiss Me Kate\Slides\JPGs\pics\KMK3-31.jpg --> transfer.stanford.edu /afs/ir/group/rams-head/WWW/archives/sprshow/04/pics KMK3-31.jpg
2004.06.10 03:13 B C:\Documents and Settings\Owner\My Documents\Kiss Me Kate\Slides\JPGs\pics\KMK3-31s.jpg --> transfer.stanford.edu /afs/ir/group/rams-head/WWW/archives/sprshow/04/pics KMK3-31s.jpg
2004.06.10 03:13 B C:\Documents and Settings\Owner\My Documents\Kiss Me Kate\Slides\JPGs\pics\KMK3-32.jpg --> transfer.stanford.edu /afs/ir/group/rams-head/WWW/archives/sprshow/04/pics KMK3-32.jpg
2004.06.10 03:13 B C:\Documents and Settings\Owner\My Documents\Kiss Me Kate\Slides\JPGs\pics\KMK3-32s.jpg --> transfer.stanford.edu /afs/ir/group/rams-head/WWW/archives/sprshow/04/pics KMK3-32s.jpg
2004.06.10 03:13 B C:\Documents and Settings\Owner\My Documents\Kiss Me Kate\Slides\JPGs\pics\KMK3-34.jpg --> transfer.stanford.edu /afs/ir/group/rams-head/WWW/archives/sprshow/04/pics KMK3-34.jpg
2004.06.10 03:13 B C:\Documents and Settings\Owner\My Documents\Kiss Me Kate\Slides\JPGs\pics\KMK3-34s.jpg --> transfer.stanford.edu /afs/ir/group/rams-head/WWW/archives/sprshow/04/pics KMK3-34s.jpg
2004.06.10 03:13 B C:\Documents and Settings\Owner\My Documents\Kiss Me Kate\Slides\JPGs\pics\KMK3-3s.jpg --> transfer.stanford.edu /afs/ir/group/rams-head/WWW/archives/sprshow/04/pics KMK3-3s.jpg
2004.06.10 03:13 B C:\Documents and Settings\Owner\My Documents\Kiss Me Kate\Slides\JPGs\pics\KMK3-4.jpg --> transfer.stanford.edu /afs/ir/group/rams-head/WWW/archives/sprshow/04/pics KMK3-4.jpg
2004.06.10 03:13 B C:\Documents and Settings\Owner\My Documents\Kiss Me Kate\Slides\JPGs\pics\KMK3-4s.jpg --> transfer.stanford.edu /afs/ir/group/rams-head/WWW/archives/sprshow/04/pics KMK3-4s.jpg
2004.06.10 03:13 B C:\Documents and Settings\Owner\My Documents\Kiss Me Kate\Slides\JPGs\pics\KMK3-8.jpg --> transfer.stanford.edu /afs/ir/group/rams-head/WWW/archives/sprshow/04/pics KMK3-8.jpg
2004.06.10 03:13 B C:\Documents and Settings\Owner\My Documents\Kiss Me Kate\Slides\JPGs\pics\KMK3-8s.jpg --> transfer.stanford.edu /afs/ir/group/rams-head/WWW/archives/sprshow/04/pics KMK3-8s.jpg
2004.06.10 03:13 B C:\Documents and Settings\Owner\My Documents\Kiss Me Kate\Slides\JPGs\pics\KMK4-3.jpg --> transfer.stanford.edu /afs/ir/group/rams-head/WWW/archives/sprshow/04/pics KMK4-3.jpg
2004.06.10 03:13 B C:\Documents and Settings\Owner\My Documents\Kiss Me Kate\Slides\JPGs\pics\KMK4-3s.jpg --> transfer.stanford.edu /afs/ir/group/rams-head/WWW/archives/sprshow/04/pics KMK4-3s.jpg
2004.06.10 03:13 B C:\Documents and Settings\Owner\My Documents\Kiss Me Kate\Slides\JPGs\pics\KMK4-6.jpg --> transfer.stanford.edu /afs/ir/group/rams-head/WWW/archives/sprshow/04/pics KMK4-6.jpg
2004.06.10 03:13 B C:\Documents and Settings\Owner\My Documents\Kiss Me Kate\Slides\JPGs\pics\KMK4-6s.jpg --> transfer.stanford.edu /afs/ir/group/rams-head/WWW/archives/sprshow/04/pics KMK4-6s.jpg
2004.06.10 03:13 B C:\Documents and Settings\Owner\My Documents\Kiss Me Kate\Slides\JPGs\pics\Thumbs.db --> transfer.stanford.edu /afs/ir/group/rams-head/WWW/archives/sprshow/04/pics Thumbs.db
