99.07.10 13:51 B C:\WINDOWS\Profiles\tiffany\Desktop\Ram's Head\archives\sprshow\97\collage.jpg <-- WS_FTP32 /afs/ir.stanford.edu/group/rams-head/WWW/archives/sprshow/97 collage.jpg
99.07.10 13:51 B C:\WINDOWS\Profiles\tiffany\Desktop\Ram's Head\archives\sprshow\97\greybkgnd.gif <-- WS_FTP32 /afs/ir.stanford.edu/group/rams-head/WWW/archives/sprshow/97 greybkgnd.gif
99.07.10 13:51 B C:\WINDOWS\Profiles\tiffany\Desktop\Ram's Head\archives\sprshow\97\index.html <-- WS_FTP32 /afs/ir.stanford.edu/group/rams-head/WWW/archives/sprshow/97 index.html
99.07.10 13:51 B C:\WINDOWS\Profiles\tiffany\Desktop\Ram's Head\archives\sprshow\97\program.jpg <-- WS_FTP32 /afs/ir.stanford.edu/group/rams-head/WWW/archives/sprshow/97 program.jpg
99.07.10 13:51 B C:\WINDOWS\Profiles\tiffany\Desktop\Ram's Head\archives\sprshow\97\soundstagebkgd.gif <-- WS_FTP32 /afs/ir.stanford.edu/group/rams-head/WWW/archives/sprshow/97 soundstagebkgd.gif
99.07.10 13:51 B C:\WINDOWS\Profiles\tiffany\Desktop\Ram's Head\archives\sprshow\97\synop.html <-- WS_FTP32 /afs/ir.stanford.edu/group/rams-head/WWW/archives/sprshow/97 synop.html
99.07.10 13:51 B C:\WINDOWS\Profiles\tiffany\Desktop\Ram's Head\archives\sprshow\97\tile.gif <-- WS_FTP32 /afs/ir.stanford.edu/group/rams-head/WWW/archives/sprshow/97 tile.gif
99.09.24 01:15 B C:\WebShare\wwwroot\ramshead\archives\sprshow\97\collage.jpg --> transfer.stanford.edu /afs/ir.stanford.edu/group/rams-head/WWW/archives/sprshow/97 collage.jpg
99.09.24 01:15 B C:\WebShare\wwwroot\ramshead\archives\sprshow\97\Default.htm --> transfer.stanford.edu /afs/ir.stanford.edu/group/rams-head/WWW/archives/sprshow/97 Default.htm
99.09.24 01:15 B C:\WebShare\wwwroot\ramshead\archives\sprshow\97\greybkgnd.gif --> transfer.stanford.edu /afs/ir.stanford.edu/group/rams-head/WWW/archives/sprshow/97 greybkgnd.gif
99.09.24 01:15 B C:\WebShare\wwwroot\ramshead\archives\sprshow\97\program.jpg --> transfer.stanford.edu /afs/ir.stanford.edu/group/rams-head/WWW/archives/sprshow/97 program.jpg
99.09.24 01:15 B C:\WebShare\wwwroot\ramshead\archives\sprshow\97\soundstagebkgd.gif --> transfer.stanford.edu /afs/ir.stanford.edu/group/rams-head/WWW/archives/sprshow/97 soundstagebkgd.gif
99.09.24 01:15 B C:\WebShare\wwwroot\ramshead\archives\sprshow\97\synop.html --> transfer.stanford.edu /afs/ir.stanford.edu/group/rams-head/WWW/archives/sprshow/97 synop.html
99.09.24 01:15 B C:\WebShare\wwwroot\ramshead\archives\sprshow\97\tile.gif --> transfer.stanford.edu /afs/ir.stanford.edu/group/rams-head/WWW/archives/sprshow/97 tile.gif
2000.09.27 23:54 B C:\My Documents\rams-head\WWW\archives\sprshow\97\ws_ftp.log <-- stanford /afs/ir/group/rams-head/WWW/archives/sprshow/97 ws_ftp.log
2000.10.05 23:50 B C:\My Documents\rams\archives\sprshow\97\collage.jpg --> transfer.stanford.edu /afs/ir/group/rams-head/WWW/archives/sprshow/97 collage.jpg
2000.10.05 23:50 B C:\My Documents\rams\archives\sprshow\97\Default.htm --> transfer.stanford.edu /afs/ir/group/rams-head/WWW/archives/sprshow/97 Default.htm
2000.10.05 23:50 B C:\My Documents\rams\archives\sprshow\97\greybkgnd.gif --> transfer.stanford.edu /afs/ir/group/rams-head/WWW/archives/sprshow/97 greybkgnd.gif
2000.10.05 23:50 B C:\My Documents\rams\archives\sprshow\97\index.html --> transfer.stanford.edu /afs/ir/group/rams-head/WWW/archives/sprshow/97 index.html
2000.10.05 23:50 B C:\My Documents\rams\archives\sprshow\97\program.jpg --> transfer.stanford.edu /afs/ir/group/rams-head/WWW/archives/sprshow/97 program.jpg
2000.10.05 23:50 B C:\My Documents\rams\archives\sprshow\97\soundstagebkgd.gif --> transfer.stanford.edu /afs/ir/group/rams-head/WWW/archives/sprshow/97 soundstagebkgd.gif
2000.10.05 23:50 B C:\My Documents\rams\archives\sprshow\97\synop.html --> transfer.stanford.edu /afs/ir/group/rams-head/WWW/archives/sprshow/97 synop.html
2000.10.05 23:50 B C:\My Documents\rams\archives\sprshow\97\tile.gif --> transfer.stanford.edu /afs/ir/group/rams-head/WWW/archives/sprshow/97 tile.gif
