2003.11.23 22:01 B C:\WINDOWS\Desktop\spring_show\index.shtml <-- Stanford University /afs/ir/group/rams-head/WWW/spring_show index.shtml
2003.11.23 22:01 B C:\WINDOWS\Desktop\spring_show\index.shtml~ <-- Stanford University /afs/ir/group/rams-head/WWW/spring_show index.shtml~
2003.11.23 22:01 B C:\WINDOWS\Desktop\spring_show\info.shtml <-- Stanford University /afs/ir/group/rams-head/WWW/spring_show info.shtml
2003.11.23 22:01 B C:\WINDOWS\Desktop\spring_show\update 12-19-02.shtml <-- Stanford University /afs/ir/group/rams-head/WWW/spring_show update 12-19-02.shtml
2003.11.23 22:01 B C:\WINDOWS\Desktop\spring_show\westside.shtml <-- Stanford University /afs/ir/group/rams-head/WWW/spring_show westside.shtml
2003.11.23 22:29 B C:\WINDOWS\Desktop\spring_show\assistant producer application.doc --> transfer.stanford.edu /afs/ir/group/rams-head/WWW/spring_show assistant producer application.doc
2003.11.23 22:29 B C:\WINDOWS\Desktop\spring_show\designer application.doc --> transfer.stanford.edu /afs/ir/group/rams-head/WWW/spring_show designer application.doc
2003.11.23 22:29 B C:\WINDOWS\Desktop\spring_show\index.shtml --> transfer.stanford.edu /afs/ir/group/rams-head/WWW/spring_show index.shtml
2003.11.23 22:29 B C:\WINDOWS\Desktop\spring_show\rehearsal.html --> transfer.stanford.edu /afs/ir/group/rams-head/WWW/spring_show rehearsal.html
2003.11.23 22:29 B C:\WINDOWS\Desktop\spring_show\staff application.doc --> transfer.stanford.edu /afs/ir/group/rams-head/WWW/spring_show staff application.doc
2003.11.23 22:29 B C:\WINDOWS\Desktop\spring_show\WS_FTP.LOG --> transfer.stanford.edu /afs/ir/group/rams-head/WWW/spring_show WS_FTP.LOG
2003.11.23 22:34 B C:\WINDOWS\Desktop\spring_show\asstprod.html --> transfer.stanford.edu /afs/ir/group/rams-head/WWW/spring_show asstprod.html
2003.11.23 22:34 B C:\WINDOWS\Desktop\spring_show\index.shtml --> transfer.stanford.edu /afs/ir/group/rams-head/WWW/spring_show index.shtml
2003.11.23 22:34 B C:\WINDOWS\Desktop\spring_show\staff application.doc --> transfer.stanford.edu /afs/ir/group/rams-head/WWW/spring_show staff application.doc
2003.11.23 22:34 B C:\WINDOWS\Desktop\spring_show\WS_FTP.LOG --> transfer.stanford.edu /afs/ir/group/rams-head/WWW/spring_show WS_FTP.LOG
2003.11.23 22:36 B C:\WINDOWS\Desktop\spring_show\asstprod.html --> transfer.stanford.edu /afs/ir/group/rams-head/WWW/spring_show asstprod.html
2003.11.23 22:36 B C:\WINDOWS\Desktop\spring_show\staff application.doc --> transfer.stanford.edu /afs/ir/group/rams-head/WWW/spring_show staff application.doc
2003.11.23 22:36 B C:\WINDOWS\Desktop\spring_show\WS_FTP.LOG --> transfer.stanford.edu /afs/ir/group/rams-head/WWW/spring_show WS_FTP.LOG
2003.11.23 22:37 B C:\WINDOWS\Desktop\spring_show\rehearsal.html --> transfer.stanford.edu /afs/ir/group/rams-head/WWW/spring_show rehearsal.html
2003.11.23 22:38 B C:\WINDOWS\Desktop\spring_show\asstprod.html --> transfer.stanford.edu /afs/ir/group/rams-head/WWW/spring_show asstprod.html
2003.11.23 22:38 B C:\WINDOWS\Desktop\spring_show\rehearsal.html --> transfer.stanford.edu /afs/ir/group/rams-head/WWW/spring_show rehearsal.html
2003.11.23 22:38 B C:\WINDOWS\Desktop\spring_show\staff application.doc --> transfer.stanford.edu /afs/ir/group/rams-head/WWW/spring_show staff application.doc
