99.07.10 13:20 B C:\WINDOWS\Profiles\tiffany\Desktop\Ram's Head\archives\gaieties\92\fifty-five.jpg <-- WS_FTP32 /afs/ir.stanford.edu/group/rams-head/WWW/archives/gaieties/92 fifty-five.jpg
99.07.10 13:20 B C:\WINDOWS\Profiles\tiffany\Desktop\Ram's Head\archives\gaieties\92\fifty-five.small.gif <-- WS_FTP32 /afs/ir.stanford.edu/group/rams-head/WWW/archives/gaieties/92 fifty-five.small.gif
99.07.10 13:20 B C:\WINDOWS\Profiles\tiffany\Desktop\Ram's Head\archives\gaieties\92\freeze_tag.jpg <-- WS_FTP32 /afs/ir.stanford.edu/group/rams-head/WWW/archives/gaieties/92 freeze_tag.jpg
99.07.10 13:20 B C:\WINDOWS\Profiles\tiffany\Desktop\Ram's Head\archives\gaieties\92\freeze_tag.small.gif <-- WS_FTP32 /afs/ir.stanford.edu/group/rams-head/WWW/archives/gaieties/92 freeze_tag.small.gif
99.07.10 13:20 B C:\WINDOWS\Profiles\tiffany\Desktop\Ram's Head\archives\gaieties\92\program-100.gif <-- WS_FTP32 /afs/ir.stanford.edu/group/rams-head/WWW/archives/gaieties/92 program-100.gif
99.07.10 13:20 B C:\WINDOWS\Profiles\tiffany\Desktop\Ram's Head\archives\gaieties\92\retreat.html <-- WS_FTP32 /afs/ir.stanford.edu/group/rams-head/WWW/archives/gaieties/92 retreat.html
99.07.10 13:21 B C:\WINDOWS\Profiles\tiffany\Desktop\Ram's Head\archives\gaieties\92\script92.html <-- WS_FTP32 /afs/ir.stanford.edu/group/rams-head/WWW/archives/gaieties/92 script92.html
99.09.24 01:13 B C:\WebShare\wwwroot\ramshead\archives\gaieties\92\Achtung_Weenie --> transfer.stanford.edu /afs/ir.stanford.edu/group/rams-head/WWW/archives/gaieties/92 Achtung_Weenie
99.09.24 01:13 B C:\WebShare\wwwroot\ramshead\archives\gaieties\92\fifty-five.jpg --> transfer.stanford.edu /afs/ir.stanford.edu/group/rams-head/WWW/archives/gaieties/92 fifty-five.jpg
99.09.24 01:13 B C:\WebShare\wwwroot\ramshead\archives\gaieties\92\fifty-five.small.gif --> transfer.stanford.edu /afs/ir.stanford.edu/group/rams-head/WWW/archives/gaieties/92 fifty-five.small.gif
99.09.24 01:13 B C:\WebShare\wwwroot\ramshead\archives\gaieties\92\freeze_tag.jpg --> transfer.stanford.edu /afs/ir.stanford.edu/group/rams-head/WWW/archives/gaieties/92 freeze_tag.jpg
99.09.24 01:13 B C:\WebShare\wwwroot\ramshead\archives\gaieties\92\freeze_tag.small.gif --> transfer.stanford.edu /afs/ir.stanford.edu/group/rams-head/WWW/archives/gaieties/92 freeze_tag.small.gif
99.09.24 01:13 B C:\WebShare\wwwroot\ramshead\archives\gaieties\92\program-100.gif --> transfer.stanford.edu /afs/ir.stanford.edu/group/rams-head/WWW/archives/gaieties/92 program-100.gif
99.09.24 01:13 B C:\WebShare\wwwroot\ramshead\archives\gaieties\92\retreat.html --> transfer.stanford.edu /afs/ir.stanford.edu/group/rams-head/WWW/archives/gaieties/92 retreat.html
99.09.24 01:13 B C:\WebShare\wwwroot\ramshead\archives\gaieties\92\script92.html --> transfer.stanford.edu /afs/ir.stanford.edu/group/rams-head/WWW/archives/gaieties/92 script92.html
2000.09.27 23:32 B C:\My Documents\rams-head\WWW\archives\gaieties\92\ws_ftp.log <-- stanford /afs/ir/group/rams-head/WWW/archives/gaieties/92 ws_ftp.log
2000.10.05 23:08 B C:\My Documents\rams\archives\gaieties\92\Achtung_Weenie --> transfer.stanford.edu /afs/ir/group/rams-head/WWW/archives/gaieties/92 Achtung_Weenie
2000.10.05 23:08 B C:\My Documents\rams\archives\gaieties\92\fifty-five.jpg --> transfer.stanford.edu /afs/ir/group/rams-head/WWW/archives/gaieties/92 fifty-five.jpg
2000.10.05 23:08 B C:\My Documents\rams\archives\gaieties\92\fifty-five.small.gif --> transfer.stanford.edu /afs/ir/group/rams-head/WWW/archives/gaieties/92 fifty-five.small.gif
2000.10.05 23:09 B C:\My Documents\rams\archives\gaieties\92\freeze_tag.jpg --> transfer.stanford.edu /afs/ir/group/rams-head/WWW/archives/gaieties/92 freeze_tag.jpg
2000.10.05 23:09 B C:\My Documents\rams\archives\gaieties\92\freeze_tag.small.gif --> transfer.stanford.edu /afs/ir/group/rams-head/WWW/archives/gaieties/92 freeze_tag.small.gif
2000.10.05 23:09 B C:\My Documents\rams\archives\gaieties\92\program-100.gif --> transfer.stanford.edu /afs/ir/group/rams-head/WWW/archives/gaieties/92 program-100.gif
2000.10.05 23:09 B C:\My Documents\rams\archives\gaieties\92\retreat.html --> transfer.stanford.edu /afs/ir/group/rams-head/WWW/archives/gaieties/92 retreat.html
2000.10.05 23:10 B C:\My Documents\rams\archives\gaieties\92\script92.html --> transfer.stanford.edu /afs/ir/group/rams-head/WWW/archives/gaieties/92 script92.html
