99.07.10 13:35 B C:\WINDOWS\Profiles\tiffany\Desktop\Ram's Head\archives\gaieties\96\aaahh.jpg <-- WS_FTP32 /afs/ir.stanford.edu/group/rams-head/WWW/archives/gaieties/96 aaahh.jpg
99.07.10 13:36 B C:\WINDOWS\Profiles\tiffany\Desktop\Ram's Head\archives\gaieties\96\cast.jpg <-- WS_FTP32 /afs/ir.stanford.edu/group/rams-head/WWW/archives/gaieties/96 cast.jpg
99.07.10 13:36 B C:\WINDOWS\Profiles\tiffany\Desktop\Ram's Head\archives\gaieties\96\chair.jpg <-- WS_FTP32 /afs/ir.stanford.edu/group/rams-head/WWW/archives/gaieties/96 chair.jpg
99.07.10 13:36 B C:\WINDOWS\Profiles\tiffany\Desktop\Ram's Head\archives\gaieties\96\comic.jpg <-- WS_FTP32 /afs/ir.stanford.edu/group/rams-head/WWW/archives/gaieties/96 comic.jpg
99.07.10 13:36 B C:\WINDOWS\Profiles\tiffany\Desktop\Ram's Head\archives\gaieties\96\gaieties96.html <-- WS_FTP32 /afs/ir.stanford.edu/group/rams-head/WWW/archives/gaieties/96 gaieties96.html
99.07.10 13:36 B C:\WINDOWS\Profiles\tiffany\Desktop\Ram's Head\archives\gaieties\96\girls.jpg <-- WS_FTP32 /afs/ir.stanford.edu/group/rams-head/WWW/archives/gaieties/96 girls.jpg
99.07.10 13:36 B C:\WINDOWS\Profiles\tiffany\Desktop\Ram's Head\archives\gaieties\96\guys.jpg <-- WS_FTP32 /afs/ir.stanford.edu/group/rams-head/WWW/archives/gaieties/96 guys.jpg
99.07.10 13:37 B C:\WINDOWS\Profiles\tiffany\Desktop\Ram's Head\archives\gaieties\96\karen.jpg <-- WS_FTP32 /afs/ir.stanford.edu/group/rams-head/WWW/archives/gaieties/96 karen.jpg
99.07.10 13:37 B C:\WINDOWS\Profiles\tiffany\Desktop\Ram's Head\archives\gaieties\96\kristin.jpg <-- WS_FTP32 /afs/ir.stanford.edu/group/rams-head/WWW/archives/gaieties/96 kristin.jpg
99.07.10 13:37 B C:\WINDOWS\Profiles\tiffany\Desktop\Ram's Head\archives\gaieties\96\memaud.jpg <-- WS_FTP32 /afs/ir.stanford.edu/group/rams-head/WWW/archives/gaieties/96 memaud.jpg
99.07.10 13:37 B C:\WINDOWS\Profiles\tiffany\Desktop\Ram's Head\archives\gaieties\96\orchestra.jpg <-- WS_FTP32 /afs/ir.stanford.edu/group/rams-head/WWW/archives/gaieties/96 orchestra.jpg
99.07.10 13:37 B C:\WINDOWS\Profiles\tiffany\Desktop\Ram's Head\archives\gaieties\96\phone.jpg <-- WS_FTP32 /afs/ir.stanford.edu/group/rams-head/WWW/archives/gaieties/96 phone.jpg
99.07.10 13:37 B C:\WINDOWS\Profiles\tiffany\Desktop\Ram's Head\archives\gaieties\96\pictures.html <-- WS_FTP32 /afs/ir.stanford.edu/group/rams-head/WWW/archives/gaieties/96 pictures.html
99.07.10 13:38 B C:\WINDOWS\Profiles\tiffany\Desktop\Ram's Head\archives\gaieties\96\program.jpg <-- WS_FTP32 /afs/ir.stanford.edu/group/rams-head/WWW/archives/gaieties/96 program.jpg
99.07.10 13:38 B C:\WINDOWS\Profiles\tiffany\Desktop\Ram's Head\archives\gaieties\96\script96.html <-- WS_FTP32 /afs/ir.stanford.edu/group/rams-head/WWW/archives/gaieties/96 script96.html
99.07.10 13:38 B C:\WINDOWS\Profiles\tiffany\Desktop\Ram's Head\archives\gaieties\96\sketch.jpg <-- WS_FTP32 /afs/ir.stanford.edu/group/rams-head/WWW/archives/gaieties/96 sketch.jpg
99.07.10 13:38 B C:\WINDOWS\Profiles\tiffany\Desktop\Ram's Head\archives\gaieties\96\sketches.jpg <-- WS_FTP32 /afs/ir.stanford.edu/group/rams-head/WWW/archives/gaieties/96 sketches.jpg
99.07.10 13:38 B C:\WINDOWS\Profiles\tiffany\Desktop\Ram's Head\archives\gaieties\96\staff.jpg <-- WS_FTP32 /afs/ir.stanford.edu/group/rams-head/WWW/archives/gaieties/96 staff.jpg
99.07.10 13:38 B C:\WINDOWS\Profiles\tiffany\Desktop\Ram's Head\archives\gaieties\96\title.jpg <-- WS_FTP32 /afs/ir.stanford.edu/group/rams-head/WWW/archives/gaieties/96 title.jpg
99.07.10 13:39 B C:\WINDOWS\Profiles\tiffany\Desktop\Ram's Head\archives\gaieties\96\twins.jpg <-- WS_FTP32 /afs/ir.stanford.edu/group/rams-head/WWW/archives/gaieties/96 twins.jpg
99.07.10 13:39 B C:\WINDOWS\Profiles\tiffany\Desktop\Ram's Head\archives\gaieties\96\young1.jpg <-- WS_FTP32 /afs/ir.stanford.edu/group/rams-head/WWW/archives/gaieties/96 young1.jpg
99.07.10 13:39 B C:\WINDOWS\Profiles\tiffany\Desktop\Ram's Head\archives\gaieties\96\young2.jpg <-- WS_FTP32 /afs/ir.stanford.edu/group/rams-head/WWW/archives/gaieties/96 young2.jpg
99.07.10 13:39 B C:\WINDOWS\Profiles\tiffany\Desktop\Ram's Head\archives\gaieties\96\young3.jpg <-- WS_FTP32 /afs/ir.stanford.edu/group/rams-head/WWW/archives/gaieties/96 young3.jpg
99.07.10 13:39 B C:\WINDOWS\Profiles\tiffany\Desktop\Ram's Head\archives\gaieties\96\young4.jpg <-- WS_FTP32 /afs/ir.stanford.edu/group/rams-head/WWW/archives/gaieties/96 young4.jpg
99.09.24 01:13 B C:\WebShare\wwwroot\ramshead\archives\gaieties\96\aaahh.jpg --> transfer.stanford.edu /afs/ir.stanford.edu/group/rams-head/WWW/archives/gaieties/96 aaahh.jpg
99.09.24 01:13 B C:\WebShare\wwwroot\ramshead\archives\gaieties\96\cast.jpg --> transfer.stanford.edu /afs/ir.stanford.edu/group/rams-head/WWW/archives/gaieties/96 cast.jpg
99.09.24 01:13 B C:\WebShare\wwwroot\ramshead\archives\gaieties\96\chair.jpg --> transfer.stanford.edu /afs/ir.stanford.edu/group/rams-head/WWW/archives/gaieties/96 chair.jpg
99.09.24 01:13 B C:\WebShare\wwwroot\ramshead\archives\gaieties\96\comic.jpg --> transfer.stanford.edu /afs/ir.stanford.edu/group/rams-head/WWW/archives/gaieties/96 comic.jpg
99.09.24 01:13 B C:\WebShare\wwwroot\ramshead\archives\gaieties\96\gaieties96.html --> transfer.stanford.edu /afs/ir.stanford.edu/group/rams-head/WWW/archives/gaieties/96 gaieties96.html
99.09.24 01:13 B C:\WebShare\wwwroot\ramshead\archives\gaieties\96\girls.jpg --> transfer.stanford.edu /afs/ir.stanford.edu/group/rams-head/WWW/archives/gaieties/96 girls.jpg
99.09.24 01:13 B C:\WebShare\wwwroot\ramshead\archives\gaieties\96\guys.jpg --> transfer.stanford.edu /afs/ir.stanford.edu/group/rams-head/WWW/archives/gaieties/96 guys.jpg
99.09.24 01:13 B C:\WebShare\wwwroot\ramshead\archives\gaieties\96\karen.jpg --> transfer.stanford.edu /afs/ir.stanford.edu/group/rams-head/WWW/archives/gaieties/96 karen.jpg
99.09.24 01:13 B C:\WebShare\wwwroot\ramshead\archives\gaieties\96\kristin.jpg --> transfer.stanford.edu /afs/ir.stanford.edu/group/rams-head/WWW/archives/gaieties/96 kristin.jpg
99.09.24 01:13 B C:\WebShare\wwwroot\ramshead\archives\gaieties\96\memaud.jpg --> transfer.stanford.edu /afs/ir.stanford.edu/group/rams-head/WWW/archives/gaieties/96 memaud.jpg
99.09.24 01:13 B C:\WebShare\wwwroot\ramshead\archives\gaieties\96\orchestra.jpg --> transfer.stanford.edu /afs/ir.stanford.edu/group/rams-head/WWW/archives/gaieties/96 orchestra.jpg
99.09.24 01:13 B C:\WebShare\wwwroot\ramshead\archives\gaieties\96\phone.jpg --> transfer.stanford.edu /afs/ir.stanford.edu/group/rams-head/WWW/archives/gaieties/96 phone.jpg
99.09.24 01:13 B C:\WebShare\wwwroot\ramshead\archives\gaieties\96\pictures.html --> transfer.stanford.edu /afs/ir.stanford.edu/group/rams-head/WWW/archives/gaieties/96 pictures.html
99.09.24 01:13 B C:\WebShare\wwwroot\ramshead\archives\gaieties\96\program.jpg --> transfer.stanford.edu /afs/ir.stanford.edu/group/rams-head/WWW/archives/gaieties/96 program.jpg
99.09.24 01:13 B C:\WebShare\wwwroot\ramshead\archives\gaieties\96\script96.html --> transfer.stanford.edu /afs/ir.stanford.edu/group/rams-head/WWW/archives/gaieties/96 script96.html
99.09.24 01:13 B C:\WebShare\wwwroot\ramshead\archives\gaieties\96\sketch.jpg --> transfer.stanford.edu /afs/ir.stanford.edu/group/rams-head/WWW/archives/gaieties/96 sketch.jpg
99.09.24 01:13 B C:\WebShare\wwwroot\ramshead\archives\gaieties\96\sketches.jpg --> transfer.stanford.edu /afs/ir.stanford.edu/group/rams-head/WWW/archives/gaieties/96 sketches.jpg
99.09.24 01:13 B C:\WebShare\wwwroot\ramshead\archives\gaieties\96\staff.jpg --> transfer.stanford.edu /afs/ir.stanford.edu/group/rams-head/WWW/archives/gaieties/96 staff.jpg
99.09.24 01:13 B C:\WebShare\wwwroot\ramshead\archives\gaieties\96\title.jpg --> transfer.stanford.edu /afs/ir.stanford.edu/group/rams-head/WWW/archives/gaieties/96 title.jpg
99.09.24 01:13 B C:\WebShare\wwwroot\ramshead\archives\gaieties\96\twins.jpg --> transfer.stanford.edu /afs/ir.stanford.edu/group/rams-head/WWW/archives/gaieties/96 twins.jpg
2000.09.27 23:44 B C:\My Documents\rams-head\WWW\archives\gaieties\96\ws_ftp.log <-- stanford /afs/ir/group/rams-head/WWW/archives/gaieties/96 ws_ftp.log
2000.09.27 23:44 B C:\My Documents\rams-head\WWW\archives\gaieties\96\young1.jpg <-- stanford /afs/ir/group/rams-head/WWW/archives/gaieties/96 young1.jpg
2000.09.27 23:44 B C:\My Documents\rams-head\WWW\archives\gaieties\96\young2.jpg <-- stanford /afs/ir/group/rams-head/WWW/archives/gaieties/96 young2.jpg
2000.09.27 23:44 B C:\My Documents\rams-head\WWW\archives\gaieties\96\young3.jpg <-- stanford /afs/ir/group/rams-head/WWW/archives/gaieties/96 young3.jpg
2000.09.27 23:44 B C:\My Documents\rams-head\WWW\archives\gaieties\96\young4.jpg <-- stanford /afs/ir/group/rams-head/WWW/archives/gaieties/96 young4.jpg
2000.10.05 23:32 B C:\My Documents\rams\archives\gaieties\96\aaahh.jpg --> transfer.stanford.edu /afs/ir/group/rams-head/WWW/archives/gaieties/96 aaahh.jpg
2000.10.05 23:32 B C:\My Documents\rams\archives\gaieties\96\cast.jpg --> transfer.stanford.edu /afs/ir/group/rams-head/WWW/archives/gaieties/96 cast.jpg
2000.10.05 23:32 B C:\My Documents\rams\archives\gaieties\96\chair.jpg --> transfer.stanford.edu /afs/ir/group/rams-head/WWW/archives/gaieties/96 chair.jpg
2000.10.05 23:32 B C:\My Documents\rams\archives\gaieties\96\comic.jpg --> transfer.stanford.edu /afs/ir/group/rams-head/WWW/archives/gaieties/96 comic.jpg
2000.10.05 23:32 B C:\My Documents\rams\archives\gaieties\96\gaieties96.html --> transfer.stanford.edu /afs/ir/group/rams-head/WWW/archives/gaieties/96 gaieties96.html
2000.10.05 23:32 B C:\My Documents\rams\archives\gaieties\96\girls.jpg --> transfer.stanford.edu /afs/ir/group/rams-head/WWW/archives/gaieties/96 girls.jpg
2000.10.05 23:32 B C:\My Documents\rams\archives\gaieties\96\guys.jpg --> transfer.stanford.edu /afs/ir/group/rams-head/WWW/archives/gaieties/96 guys.jpg
2000.10.05 23:32 B C:\My Documents\rams\archives\gaieties\96\karen.jpg --> transfer.stanford.edu /afs/ir/group/rams-head/WWW/archives/gaieties/96 karen.jpg
2000.10.05 23:33 B C:\My Documents\rams\archives\gaieties\96\kristin.jpg --> transfer.stanford.edu /afs/ir/group/rams-head/WWW/archives/gaieties/96 kristin.jpg
2000.10.05 23:33 B C:\My Documents\rams\archives\gaieties\96\memaud.jpg --> transfer.stanford.edu /afs/ir/group/rams-head/WWW/archives/gaieties/96 memaud.jpg
2000.10.05 23:33 B C:\My Documents\rams\archives\gaieties\96\orchestra.jpg --> transfer.stanford.edu /afs/ir/group/rams-head/WWW/archives/gaieties/96 orchestra.jpg
2000.10.05 23:33 B C:\My Documents\rams\archives\gaieties\96\phone.jpg --> transfer.stanford.edu /afs/ir/group/rams-head/WWW/archives/gaieties/96 phone.jpg
2000.10.05 23:33 B C:\My Documents\rams\archives\gaieties\96\pictures.html --> transfer.stanford.edu /afs/ir/group/rams-head/WWW/archives/gaieties/96 pictures.html
2000.10.05 23:34 B C:\My Documents\rams\archives\gaieties\96\program.jpg --> transfer.stanford.edu /afs/ir/group/rams-head/WWW/archives/gaieties/96 program.jpg
2000.10.05 23:34 B C:\My Documents\rams\archives\gaieties\96\script96.html --> transfer.stanford.edu /afs/ir/group/rams-head/WWW/archives/gaieties/96 script96.html
2000.10.05 23:34 B C:\My Documents\rams\archives\gaieties\96\sketch.jpg --> transfer.stanford.edu /afs/ir/group/rams-head/WWW/archives/gaieties/96 sketch.jpg
2000.10.05 23:34 B C:\My Documents\rams\archives\gaieties\96\sketches.jpg --> transfer.stanford.edu /afs/ir/group/rams-head/WWW/archives/gaieties/96 sketches.jpg
2000.10.05 23:34 B C:\My Documents\rams\archives\gaieties\96\staff.jpg --> transfer.stanford.edu /afs/ir/group/rams-head/WWW/archives/gaieties/96 staff.jpg
2000.10.05 23:34 B C:\My Documents\rams\archives\gaieties\96\title.jpg --> transfer.stanford.edu /afs/ir/group/rams-head/WWW/archives/gaieties/96 title.jpg
2000.10.05 23:34 B C:\My Documents\rams\archives\gaieties\96\twins.jpg --> transfer.stanford.edu /afs/ir/group/rams-head/WWW/archives/gaieties/96 twins.jpg
