99.07.10 13:21 B C:\WINDOWS\Profiles\tiffany\Desktop\Ram's Head\archives\gaieties\93\bonfire.gif <-- WS_FTP32 /afs/ir.stanford.edu/group/rams-head/WWW/archives/gaieties/93 bonfire.gif
99.07.10 13:21 B C:\WINDOWS\Profiles\tiffany\Desktop\Ram's Head\archives\gaieties\93\photos.html <-- WS_FTP32 /afs/ir.stanford.edu/group/rams-head/WWW/archives/gaieties/93 photos.html
99.07.10 13:21 B C:\WINDOWS\Profiles\tiffany\Desktop\Ram's Head\archives\gaieties\93\program-100.gif <-- WS_FTP32 /afs/ir.stanford.edu/group/rams-head/WWW/archives/gaieties/93 program-100.gif
99.07.10 13:32 B C:\WINDOWS\Profiles\tiffany\Desktop\Ram's Head\archives\gaieties\93\rehearsal.mov <-- WS_FTP32 /afs/ir.stanford.edu/group/rams-head/WWW/archives/gaieties/93 rehearsal.mov
99.07.10 13:32 B C:\WINDOWS\Profiles\tiffany\Desktop\Ram's Head\archives\gaieties\93\script93.html <-- WS_FTP32 /afs/ir.stanford.edu/group/rams-head/WWW/archives/gaieties/93 script93.html
99.07.10 13:32 B C:\WINDOWS\Profiles\tiffany\Desktop\Ram's Head\archives\gaieties\93\sex.gif <-- WS_FTP32 /afs/ir.stanford.edu/group/rams-head/WWW/archives/gaieties/93 sex.gif
99.09.24 01:13 B C:\WebShare\wwwroot\ramshead\archives\gaieties\93\bonfire.gif --> transfer.stanford.edu /afs/ir.stanford.edu/group/rams-head/WWW/archives/gaieties/93 bonfire.gif
99.09.24 01:13 B C:\WebShare\wwwroot\ramshead\archives\gaieties\93\Last_Axe_Hero --> transfer.stanford.edu /afs/ir.stanford.edu/group/rams-head/WWW/archives/gaieties/93 Last_Axe_Hero
99.09.24 01:13 B C:\WebShare\wwwroot\ramshead\archives\gaieties\93\photos.html --> transfer.stanford.edu /afs/ir.stanford.edu/group/rams-head/WWW/archives/gaieties/93 photos.html
99.09.24 01:13 B C:\WebShare\wwwroot\ramshead\archives\gaieties\93\program-100.gif --> transfer.stanford.edu /afs/ir.stanford.edu/group/rams-head/WWW/archives/gaieties/93 program-100.gif
99.09.24 01:13 B C:\WebShare\wwwroot\ramshead\archives\gaieties\93\rehearsal.mov --> transfer.stanford.edu /afs/ir.stanford.edu/group/rams-head/WWW/archives/gaieties/93 rehearsal.mov
99.09.24 01:13 B C:\WebShare\wwwroot\ramshead\archives\gaieties\93\script93.html --> transfer.stanford.edu /afs/ir.stanford.edu/group/rams-head/WWW/archives/gaieties/93 script93.html
99.09.24 01:13 B C:\WebShare\wwwroot\ramshead\archives\gaieties\93\sex.gif --> transfer.stanford.edu /afs/ir.stanford.edu/group/rams-head/WWW/archives/gaieties/93 sex.gif
2000.09.27 23:40 B C:\My Documents\rams-head\WWW\archives\gaieties\93\ws_ftp.log <-- stanford /afs/ir/group/rams-head/WWW/archives/gaieties/93 ws_ftp.log
2000.10.05 23:10 B C:\My Documents\rams\archives\gaieties\93\bonfire.gif --> transfer.stanford.edu /afs/ir/group/rams-head/WWW/archives/gaieties/93 bonfire.gif
2000.10.05 23:10 B C:\My Documents\rams\archives\gaieties\93\Last_Axe_Hero --> transfer.stanford.edu /afs/ir/group/rams-head/WWW/archives/gaieties/93 Last_Axe_Hero
2000.10.05 23:10 B C:\My Documents\rams\archives\gaieties\93\photos.html --> transfer.stanford.edu /afs/ir/group/rams-head/WWW/archives/gaieties/93 photos.html
2000.10.05 23:10 B C:\My Documents\rams\archives\gaieties\93\program-100.gif --> transfer.stanford.edu /afs/ir/group/rams-head/WWW/archives/gaieties/93 program-100.gif
2000.10.05 23:28 B C:\My Documents\rams\archives\gaieties\93\rehearsal.mov --> transfer.stanford.edu /afs/ir/group/rams-head/WWW/archives/gaieties/93 rehearsal.mov
2000.10.05 23:28 B C:\My Documents\rams\archives\gaieties\93\script93.html --> transfer.stanford.edu /afs/ir/group/rams-head/WWW/archives/gaieties/93 script93.html
2000.10.05 23:28 B C:\My Documents\rams\archives\gaieties\93\sex.gif --> transfer.stanford.edu /afs/ir/group/rams-head/WWW/archives/gaieties/93 sex.gif
