99.07.10 13:46 B C:\WINDOWS\Profiles\tiffany\Desktop\Ram's Head\archives\sprshow\94\photos\anna.gif <-- WS_FTP32 /afs/ir.stanford.edu/group/rams-head/WWW/archives/sprshow/94/photos anna.gif
99.07.10 13:47 B C:\WINDOWS\Profiles\tiffany\Desktop\Ram's Head\archives\sprshow\94\photos\atimnadrian.gif <-- WS_FTP32 /afs/ir.stanford.edu/group/rams-head/WWW/archives/sprshow/94/photos atimnadrian.gif
99.07.10 13:47 B C:\WINDOWS\Profiles\tiffany\Desktop\Ram's Head\archives\sprshow\94\photos\brd_jeff.GIF <-- WS_FTP32 /afs/ir.stanford.edu/group/rams-head/WWW/archives/sprshow/94/photos brd_jeff.GIF
99.07.10 13:47 B C:\WINDOWS\Profiles\tiffany\Desktop\Ram's Head\archives\sprshow\94\photos\cast.gif <-- WS_FTP32 /afs/ir.stanford.edu/group/rams-head/WWW/archives/sprshow/94/photos cast.gif
99.07.10 13:47 B C:\WINDOWS\Profiles\tiffany\Desktop\Ram's Head\archives\sprshow\94\photos\dan.GIF <-- WS_FTP32 /afs/ir.stanford.edu/group/rams-head/WWW/archives/sprshow/94/photos dan.GIF
99.07.10 13:47 B C:\WINDOWS\Profiles\tiffany\Desktop\Ram's Head\archives\sprshow\94\photos\dave.GIF <-- WS_FTP32 /afs/ir.stanford.edu/group/rams-head/WWW/archives/sprshow/94/photos dave.GIF
99.07.10 13:48 B C:\WINDOWS\Profiles\tiffany\Desktop\Ram's Head\archives\sprshow\94\photos\Gamblers.GIF <-- WS_FTP32 /afs/ir.stanford.edu/group/rams-head/WWW/archives/sprshow/94/photos Gamblers.GIF
99.07.10 13:48 B C:\WINDOWS\Profiles\tiffany\Desktop\Ram's Head\archives\sprshow\94\photos\marnie.GIF <-- WS_FTP32 /afs/ir.stanford.edu/group/rams-head/WWW/archives/sprshow/94/photos marnie.GIF
99.07.10 13:48 B C:\WINDOWS\Profiles\tiffany\Desktop\Ram's Head\archives\sprshow\94\photos\retreat.gif <-- WS_FTP32 /afs/ir.stanford.edu/group/rams-head/WWW/archives/sprshow/94/photos retreat.gif
99.09.24 01:15 B C:\WebShare\wwwroot\ramshead\archives\sprshow\94\photos\anna.gif --> transfer.stanford.edu /afs/ir.stanford.edu/group/rams-head/WWW/archives/sprshow/94/photos anna.gif
99.09.24 01:15 B C:\WebShare\wwwroot\ramshead\archives\sprshow\94\photos\atimnadrian.gif --> transfer.stanford.edu /afs/ir.stanford.edu/group/rams-head/WWW/archives/sprshow/94/photos atimnadrian.gif
99.09.24 01:15 B C:\WebShare\wwwroot\ramshead\archives\sprshow\94\photos\brd_jeff.gif --> transfer.stanford.edu /afs/ir.stanford.edu/group/rams-head/WWW/archives/sprshow/94/photos brd_jeff.gif
99.09.24 01:15 B C:\WebShare\wwwroot\ramshead\archives\sprshow\94\photos\cast.gif --> transfer.stanford.edu /afs/ir.stanford.edu/group/rams-head/WWW/archives/sprshow/94/photos cast.gif
99.09.24 01:15 B C:\WebShare\wwwroot\ramshead\archives\sprshow\94\photos\dan.gif --> transfer.stanford.edu /afs/ir.stanford.edu/group/rams-head/WWW/archives/sprshow/94/photos dan.gif
99.09.24 01:15 B C:\WebShare\wwwroot\ramshead\archives\sprshow\94\photos\dave.gif --> transfer.stanford.edu /afs/ir.stanford.edu/group/rams-head/WWW/archives/sprshow/94/photos dave.gif
99.09.24 01:15 B C:\WebShare\wwwroot\ramshead\archives\sprshow\94\photos\gamblers.gif --> transfer.stanford.edu /afs/ir.stanford.edu/group/rams-head/WWW/archives/sprshow/94/photos gamblers.gif
99.09.24 01:15 B C:\WebShare\wwwroot\ramshead\archives\sprshow\94\photos\marnie.gif --> transfer.stanford.edu /afs/ir.stanford.edu/group/rams-head/WWW/archives/sprshow/94/photos marnie.gif
99.09.24 01:15 B C:\WebShare\wwwroot\ramshead\archives\sprshow\94\photos\retreat.gif --> transfer.stanford.edu /afs/ir.stanford.edu/group/rams-head/WWW/archives/sprshow/94/photos retreat.gif
2000.09.27 23:52 B C:\My Documents\rams-head\WWW\archives\sprshow\94\photos\ws_ftp.log <-- stanford /afs/ir/group/rams-head/WWW/archives/sprshow/94/photos ws_ftp.log
2000.10.05 23:44 B C:\My Documents\rams\archives\sprshow\94\photos\anna.gif --> transfer.stanford.edu /afs/ir/group/rams-head/WWW/archives/sprshow/94/photos anna.gif
2000.10.05 23:44 B C:\My Documents\rams\archives\sprshow\94\photos\atimnadrian.gif --> transfer.stanford.edu /afs/ir/group/rams-head/WWW/archives/sprshow/94/photos atimnadrian.gif
2000.10.05 23:45 B C:\My Documents\rams\archives\sprshow\94\photos\brd_jeff.gif --> transfer.stanford.edu /afs/ir/group/rams-head/WWW/archives/sprshow/94/photos brd_jeff.gif
2000.10.05 23:45 B C:\My Documents\rams\archives\sprshow\94\photos\cast.gif --> transfer.stanford.edu /afs/ir/group/rams-head/WWW/archives/sprshow/94/photos cast.gif
2000.10.05 23:45 B C:\My Documents\rams\archives\sprshow\94\photos\dan.gif --> transfer.stanford.edu /afs/ir/group/rams-head/WWW/archives/sprshow/94/photos dan.gif
2000.10.05 23:45 B C:\My Documents\rams\archives\sprshow\94\photos\dave.gif --> transfer.stanford.edu /afs/ir/group/rams-head/WWW/archives/sprshow/94/photos dave.gif
2000.10.05 23:46 B C:\My Documents\rams\archives\sprshow\94\photos\gamblers.gif --> transfer.stanford.edu /afs/ir/group/rams-head/WWW/archives/sprshow/94/photos gamblers.gif
2000.10.05 23:46 B C:\My Documents\rams\archives\sprshow\94\photos\marnie.gif --> transfer.stanford.edu /afs/ir/group/rams-head/WWW/archives/sprshow/94/photos marnie.gif
2000.10.05 23:46 B C:\My Documents\rams\archives\sprshow\94\photos\retreat.gif --> transfer.stanford.edu /afs/ir/group/rams-head/WWW/archives/sprshow/94/photos retreat.gif
2000.10.05 23:46 B C:\My Documents\rams\archives\sprshow\94\photos\Shortcut to _vti_cnf.lnk --> transfer.stanford.edu /afs/ir/group/rams-head/WWW/archives/sprshow/94/photos Shortcut to _vti_cnf.lnk
