99.07.10 13:39 B C:\WINDOWS\Profiles\tiffany\Desktop\Ram's Head\archives\gaieties\97\backstg1.jpg <-- WS_FTP32 /afs/ir.stanford.edu/group/rams-head/WWW/archives/gaieties/97 backstg1.jpg
99.07.10 13:40 B C:\WINDOWS\Profiles\tiffany\Desktop\Ram's Head\archives\gaieties\97\backstg2.jpg <-- WS_FTP32 /afs/ir.stanford.edu/group/rams-head/WWW/archives/gaieties/97 backstg2.jpg
99.07.10 13:40 B C:\WINDOWS\Profiles\tiffany\Desktop\Ram's Head\archives\gaieties\97\backstg3.jpg <-- WS_FTP32 /afs/ir.stanford.edu/group/rams-head/WWW/archives/gaieties/97 backstg3.jpg
99.07.10 13:40 B C:\WINDOWS\Profiles\tiffany\Desktop\Ram's Head\archives\gaieties\97\backstg4a.jpg <-- WS_FTP32 /afs/ir.stanford.edu/group/rams-head/WWW/archives/gaieties/97 backstg4a.jpg
99.07.10 13:40 B C:\WINDOWS\Profiles\tiffany\Desktop\Ram's Head\archives\gaieties\97\backstg4b.jpg <-- WS_FTP32 /afs/ir.stanford.edu/group/rams-head/WWW/archives/gaieties/97 backstg4b.jpg
99.07.10 13:40 B C:\WINDOWS\Profiles\tiffany\Desktop\Ram's Head\archives\gaieties\97\bios.html <-- WS_FTP32 /afs/ir.stanford.edu/group/rams-head/WWW/archives/gaieties/97 bios.html
99.07.10 13:40 B C:\WINDOWS\Profiles\tiffany\Desktop\Ram's Head\archives\gaieties\97\bios.html~ <-- WS_FTP32 /afs/ir.stanford.edu/group/rams-head/WWW/archives/gaieties/97 bios.html~
99.07.10 13:40 B C:\WINDOWS\Profiles\tiffany\Desktop\Ram's Head\archives\gaieties\97\govdocs1.jpg <-- WS_FTP32 /afs/ir.stanford.edu/group/rams-head/WWW/archives/gaieties/97 govdocs1.jpg
99.07.10 13:40 B C:\WINDOWS\Profiles\tiffany\Desktop\Ram's Head\archives\gaieties\97\govdocs2.jpg <-- WS_FTP32 /afs/ir.stanford.edu/group/rams-head/WWW/archives/gaieties/97 govdocs2.jpg
99.07.10 13:40 B C:\WINDOWS\Profiles\tiffany\Desktop\Ram's Head\archives\gaieties\97\pictures.html <-- WS_FTP32 /afs/ir.stanford.edu/group/rams-head/WWW/archives/gaieties/97 pictures.html
99.07.10 13:40 B C:\WINDOWS\Profiles\tiffany\Desktop\Ram's Head\archives\gaieties\97\pictures.html~ <-- WS_FTP32 /afs/ir.stanford.edu/group/rams-head/WWW/archives/gaieties/97 pictures.html~
99.07.10 13:41 B C:\WINDOWS\Profiles\tiffany\Desktop\Ram's Head\archives\gaieties\97\poster.jpg <-- WS_FTP32 /afs/ir.stanford.edu/group/rams-head/WWW/archives/gaieties/97 poster.jpg
99.07.10 13:41 B C:\WINDOWS\Profiles\tiffany\Desktop\Ram's Head\archives\gaieties\97\rehearsal1.jpg <-- WS_FTP32 /afs/ir.stanford.edu/group/rams-head/WWW/archives/gaieties/97 rehearsal1.jpg
99.07.10 13:41 B C:\WINDOWS\Profiles\tiffany\Desktop\Ram's Head\archives\gaieties\97\rehearsal2.jpg <-- WS_FTP32 /afs/ir.stanford.edu/group/rams-head/WWW/archives/gaieties/97 rehearsal2.jpg
99.07.10 13:41 B C:\WINDOWS\Profiles\tiffany\Desktop\Ram's Head\archives\gaieties\97\rehearsal3.jpg <-- WS_FTP32 /afs/ir.stanford.edu/group/rams-head/WWW/archives/gaieties/97 rehearsal3.jpg
99.07.10 13:41 B C:\WINDOWS\Profiles\tiffany\Desktop\Ram's Head\archives\gaieties\97\retreat1.jpg <-- WS_FTP32 /afs/ir.stanford.edu/group/rams-head/WWW/archives/gaieties/97 retreat1.jpg
99.07.10 13:41 B C:\WINDOWS\Profiles\tiffany\Desktop\Ram's Head\archives\gaieties\97\retreat2.jpg <-- WS_FTP32 /afs/ir.stanford.edu/group/rams-head/WWW/archives/gaieties/97 retreat2.jpg
99.07.10 13:41 B C:\WINDOWS\Profiles\tiffany\Desktop\Ram's Head\archives\gaieties\97\retreat3.jpg <-- WS_FTP32 /afs/ir.stanford.edu/group/rams-head/WWW/archives/gaieties/97 retreat3.jpg
99.07.10 13:41 B C:\WINDOWS\Profiles\tiffany\Desktop\Ram's Head\archives\gaieties\97\retreat4.jpg <-- WS_FTP32 /afs/ir.stanford.edu/group/rams-head/WWW/archives/gaieties/97 retreat4.jpg
99.07.10 13:41 B C:\WINDOWS\Profiles\tiffany\Desktop\Ram's Head\archives\gaieties\97\staff.html <-- WS_FTP32 /afs/ir.stanford.edu/group/rams-head/WWW/archives/gaieties/97 staff.html
99.07.10 13:41 B C:\WINDOWS\Profiles\tiffany\Desktop\Ram's Head\archives\gaieties\97\staff.html~ <-- WS_FTP32 /afs/ir.stanford.edu/group/rams-head/WWW/archives/gaieties/97 staff.html~
99.09.24 01:14 B C:\WebShare\wwwroot\ramshead\archives\gaieties\97\backstg1.jpg --> transfer.stanford.edu /afs/ir.stanford.edu/group/rams-head/WWW/archives/gaieties/97 backstg1.jpg
99.09.24 01:14 B C:\WebShare\wwwroot\ramshead\archives\gaieties\97\backstg2.jpg --> transfer.stanford.edu /afs/ir.stanford.edu/group/rams-head/WWW/archives/gaieties/97 backstg2.jpg
99.09.24 01:14 B C:\WebShare\wwwroot\ramshead\archives\gaieties\97\backstg3.jpg --> transfer.stanford.edu /afs/ir.stanford.edu/group/rams-head/WWW/archives/gaieties/97 backstg3.jpg
99.09.24 01:14 B C:\WebShare\wwwroot\ramshead\archives\gaieties\97\backstg4a.jpg --> transfer.stanford.edu /afs/ir.stanford.edu/group/rams-head/WWW/archives/gaieties/97 backstg4a.jpg
99.09.24 01:14 B C:\WebShare\wwwroot\ramshead\archives\gaieties\97\backstg4b.jpg --> transfer.stanford.edu /afs/ir.stanford.edu/group/rams-head/WWW/archives/gaieties/97 backstg4b.jpg
99.09.24 01:14 B C:\WebShare\wwwroot\ramshead\archives\gaieties\97\bios.html --> transfer.stanford.edu /afs/ir.stanford.edu/group/rams-head/WWW/archives/gaieties/97 bios.html
99.09.24 01:14 B C:\WebShare\wwwroot\ramshead\archives\gaieties\97\bios.html~ --> transfer.stanford.edu /afs/ir.stanford.edu/group/rams-head/WWW/archives/gaieties/97 bios.html~
99.09.24 01:14 B C:\WebShare\wwwroot\ramshead\archives\gaieties\97\govdocs1.jpg --> transfer.stanford.edu /afs/ir.stanford.edu/group/rams-head/WWW/archives/gaieties/97 govdocs1.jpg
99.09.24 01:14 B C:\WebShare\wwwroot\ramshead\archives\gaieties\97\govdocs2.jpg --> transfer.stanford.edu /afs/ir.stanford.edu/group/rams-head/WWW/archives/gaieties/97 govdocs2.jpg
99.09.24 01:14 B C:\WebShare\wwwroot\ramshead\archives\gaieties\97\pictures.html --> transfer.stanford.edu /afs/ir.stanford.edu/group/rams-head/WWW/archives/gaieties/97 pictures.html
99.09.24 01:14 B C:\WebShare\wwwroot\ramshead\archives\gaieties\97\pictures.html~ --> transfer.stanford.edu /afs/ir.stanford.edu/group/rams-head/WWW/archives/gaieties/97 pictures.html~
99.09.24 01:14 B C:\WebShare\wwwroot\ramshead\archives\gaieties\97\poster.jpg --> transfer.stanford.edu /afs/ir.stanford.edu/group/rams-head/WWW/archives/gaieties/97 poster.jpg
99.09.24 01:14 B C:\WebShare\wwwroot\ramshead\archives\gaieties\97\rehearsal1.jpg --> transfer.stanford.edu /afs/ir.stanford.edu/group/rams-head/WWW/archives/gaieties/97 rehearsal1.jpg
99.09.24 01:14 B C:\WebShare\wwwroot\ramshead\archives\gaieties\97\rehearsal2.jpg --> transfer.stanford.edu /afs/ir.stanford.edu/group/rams-head/WWW/archives/gaieties/97 rehearsal2.jpg
99.09.24 01:14 B C:\WebShare\wwwroot\ramshead\archives\gaieties\97\rehearsal3.jpg --> transfer.stanford.edu /afs/ir.stanford.edu/group/rams-head/WWW/archives/gaieties/97 rehearsal3.jpg
99.09.24 01:14 B C:\WebShare\wwwroot\ramshead\archives\gaieties\97\retreat1.jpg --> transfer.stanford.edu /afs/ir.stanford.edu/group/rams-head/WWW/archives/gaieties/97 retreat1.jpg
99.09.24 01:14 B C:\WebShare\wwwroot\ramshead\archives\gaieties\97\retreat2.jpg --> transfer.stanford.edu /afs/ir.stanford.edu/group/rams-head/WWW/archives/gaieties/97 retreat2.jpg
99.09.24 01:14 B C:\WebShare\wwwroot\ramshead\archives\gaieties\97\retreat3.jpg --> transfer.stanford.edu /afs/ir.stanford.edu/group/rams-head/WWW/archives/gaieties/97 retreat3.jpg
99.09.24 01:14 B C:\WebShare\wwwroot\ramshead\archives\gaieties\97\retreat4.jpg --> transfer.stanford.edu /afs/ir.stanford.edu/group/rams-head/WWW/archives/gaieties/97 retreat4.jpg
99.09.24 01:14 B C:\WebShare\wwwroot\ramshead\archives\gaieties\97\staff.html --> transfer.stanford.edu /afs/ir.stanford.edu/group/rams-head/WWW/archives/gaieties/97 staff.html
99.09.24 01:14 B C:\WebShare\wwwroot\ramshead\archives\gaieties\97\staff.html~ --> transfer.stanford.edu /afs/ir.stanford.edu/group/rams-head/WWW/archives/gaieties/97 staff.html~
2000.09.27 23:45 B C:\My Documents\rams-head\WWW\archives\gaieties\97\ws_ftp.log <-- stanford /afs/ir/group/rams-head/WWW/archives/gaieties/97 ws_ftp.log
2000.10.05 23:35 B C:\My Documents\rams\archives\gaieties\97\backstg1.jpg --> transfer.stanford.edu /afs/ir/group/rams-head/WWW/archives/gaieties/97 backstg1.jpg
2000.10.05 23:35 B C:\My Documents\rams\archives\gaieties\97\backstg2.jpg --> transfer.stanford.edu /afs/ir/group/rams-head/WWW/archives/gaieties/97 backstg2.jpg
2000.10.05 23:35 B C:\My Documents\rams\archives\gaieties\97\backstg3.jpg --> transfer.stanford.edu /afs/ir/group/rams-head/WWW/archives/gaieties/97 backstg3.jpg
2000.10.05 23:35 B C:\My Documents\rams\archives\gaieties\97\backstg4a.jpg --> transfer.stanford.edu /afs/ir/group/rams-head/WWW/archives/gaieties/97 backstg4a.jpg
2000.10.05 23:35 B C:\My Documents\rams\archives\gaieties\97\backstg4b.jpg --> transfer.stanford.edu /afs/ir/group/rams-head/WWW/archives/gaieties/97 backstg4b.jpg
2000.10.05 23:35 B C:\My Documents\rams\archives\gaieties\97\bios.html --> transfer.stanford.edu /afs/ir/group/rams-head/WWW/archives/gaieties/97 bios.html
2000.10.05 23:35 B C:\My Documents\rams\archives\gaieties\97\bios.html~ --> transfer.stanford.edu /afs/ir/group/rams-head/WWW/archives/gaieties/97 bios.html~
2000.10.05 23:36 B C:\My Documents\rams\archives\gaieties\97\govdocs1.jpg --> transfer.stanford.edu /afs/ir/group/rams-head/WWW/archives/gaieties/97 govdocs1.jpg
2000.10.05 23:36 B C:\My Documents\rams\archives\gaieties\97\govdocs2.jpg --> transfer.stanford.edu /afs/ir/group/rams-head/WWW/archives/gaieties/97 govdocs2.jpg
2000.10.05 23:36 B C:\My Documents\rams\archives\gaieties\97\pictures.html --> transfer.stanford.edu /afs/ir/group/rams-head/WWW/archives/gaieties/97 pictures.html
2000.10.05 23:36 B C:\My Documents\rams\archives\gaieties\97\pictures.html~ --> transfer.stanford.edu /afs/ir/group/rams-head/WWW/archives/gaieties/97 pictures.html~
2000.10.05 23:36 B C:\My Documents\rams\archives\gaieties\97\poster.jpg --> transfer.stanford.edu /afs/ir/group/rams-head/WWW/archives/gaieties/97 poster.jpg
2000.10.05 23:36 B C:\My Documents\rams\archives\gaieties\97\rehearsal1.jpg --> transfer.stanford.edu /afs/ir/group/rams-head/WWW/archives/gaieties/97 rehearsal1.jpg
2000.10.05 23:36 B C:\My Documents\rams\archives\gaieties\97\rehearsal2.jpg --> transfer.stanford.edu /afs/ir/group/rams-head/WWW/archives/gaieties/97 rehearsal2.jpg
2000.10.05 23:36 B C:\My Documents\rams\archives\gaieties\97\rehearsal3.jpg --> transfer.stanford.edu /afs/ir/group/rams-head/WWW/archives/gaieties/97 rehearsal3.jpg
2000.10.05 23:36 B C:\My Documents\rams\archives\gaieties\97\retreat1.jpg --> transfer.stanford.edu /afs/ir/group/rams-head/WWW/archives/gaieties/97 retreat1.jpg
2000.10.05 23:36 B C:\My Documents\rams\archives\gaieties\97\retreat2.jpg --> transfer.stanford.edu /afs/ir/group/rams-head/WWW/archives/gaieties/97 retreat2.jpg
2000.10.05 23:36 B C:\My Documents\rams\archives\gaieties\97\retreat3.jpg --> transfer.stanford.edu /afs/ir/group/rams-head/WWW/archives/gaieties/97 retreat3.jpg
2000.10.05 23:37 B C:\My Documents\rams\archives\gaieties\97\retreat4.jpg --> transfer.stanford.edu /afs/ir/group/rams-head/WWW/archives/gaieties/97 retreat4.jpg
2000.10.05 23:37 B C:\My Documents\rams\archives\gaieties\97\staff.html --> transfer.stanford.edu /afs/ir/group/rams-head/WWW/archives/gaieties/97 staff.html
2000.10.05 23:37 B C:\My Documents\rams\archives\gaieties\97\staff.html~ --> transfer.stanford.edu /afs/ir/group/rams-head/WWW/archives/gaieties/97 staff.html~
