99.07.10 13:32 B C:\WINDOWS\Profiles\tiffany\Desktop\Ram's Head\archives\gaieties\94\cast.gif <-- WS_FTP32 /afs/ir.stanford.edu/group/rams-head/WWW/archives/gaieties/94 cast.gif
99.07.10 13:33 B C:\WINDOWS\Profiles\tiffany\Desktop\Ram's Head\archives\gaieties\94\frolic.gif <-- WS_FTP32 /afs/ir.stanford.edu/group/rams-head/WWW/archives/gaieties/94 frolic.gif
99.07.10 13:33 B C:\WINDOWS\Profiles\tiffany\Desktop\Ram's Head\archives\gaieties\94\hair.gif <-- WS_FTP32 /afs/ir.stanford.edu/group/rams-head/WWW/archives/gaieties/94 hair.gif
99.07.10 13:33 B C:\WINDOWS\Profiles\tiffany\Desktop\Ram's Head\archives\gaieties\94\jeff_julie.GIF <-- WS_FTP32 /afs/ir.stanford.edu/group/rams-head/WWW/archives/gaieties/94 jeff_julie.GIF
99.07.10 13:33 B C:\WINDOWS\Profiles\tiffany\Desktop\Ram's Head\archives\gaieties\94\music.html <-- WS_FTP32 /afs/ir.stanford.edu/group/rams-head/WWW/archives/gaieties/94 music.html
99.07.10 13:33 B C:\WINDOWS\Profiles\tiffany\Desktop\Ram's Head\archives\gaieties\94\pictures.html <-- WS_FTP32 /afs/ir.stanford.edu/group/rams-head/WWW/archives/gaieties/94 pictures.html
99.07.10 13:33 B C:\WINDOWS\Profiles\tiffany\Desktop\Ram's Head\archives\gaieties\94\program-100.gif <-- WS_FTP32 /afs/ir.stanford.edu/group/rams-head/WWW/archives/gaieties/94 program-100.gif
99.07.10 13:34 B C:\WINDOWS\Profiles\tiffany\Desktop\Ram's Head\archives\gaieties\94\program.jpg <-- WS_FTP32 /afs/ir.stanford.edu/group/rams-head/WWW/archives/gaieties/94 program.jpg
99.07.10 13:34 B C:\WINDOWS\Profiles\tiffany\Desktop\Ram's Head\archives\gaieties\94\retreat.html <-- WS_FTP32 /afs/ir.stanford.edu/group/rams-head/WWW/archives/gaieties/94 retreat.html
99.07.10 13:34 B C:\WINDOWS\Profiles\tiffany\Desktop\Ram's Head\archives\gaieties\94\script94.html <-- WS_FTP32 /afs/ir.stanford.edu/group/rams-head/WWW/archives/gaieties/94 script94.html
99.07.10 13:34 B C:\WINDOWS\Profiles\tiffany\Desktop\Ram's Head\archives\gaieties\94\shaine.gif <-- WS_FTP32 /afs/ir.stanford.edu/group/rams-head/WWW/archives/gaieties/94 shaine.gif
99.07.10 13:35 B C:\WINDOWS\Profiles\tiffany\Desktop\Ram's Head\archives\gaieties\94\splash.gif <-- WS_FTP32 /afs/ir.stanford.edu/group/rams-head/WWW/archives/gaieties/94 splash.gif
99.09.24 01:13 B C:\WebShare\wwwroot\ramshead\archives\gaieties\94\cast.gif --> transfer.stanford.edu /afs/ir.stanford.edu/group/rams-head/WWW/archives/gaieties/94 cast.gif
99.09.24 01:13 B C:\WebShare\wwwroot\ramshead\archives\gaieties\94\frolic.gif --> transfer.stanford.edu /afs/ir.stanford.edu/group/rams-head/WWW/archives/gaieties/94 frolic.gif
99.09.24 01:13 B C:\WebShare\wwwroot\ramshead\archives\gaieties\94\hair.gif --> transfer.stanford.edu /afs/ir.stanford.edu/group/rams-head/WWW/archives/gaieties/94 hair.gif
99.09.24 01:13 B C:\WebShare\wwwroot\ramshead\archives\gaieties\94\jeff_julie.GIF --> transfer.stanford.edu /afs/ir.stanford.edu/group/rams-head/WWW/archives/gaieties/94 jeff_julie.GIF
99.09.24 01:13 B C:\WebShare\wwwroot\ramshead\archives\gaieties\94\music.html --> transfer.stanford.edu /afs/ir.stanford.edu/group/rams-head/WWW/archives/gaieties/94 music.html
99.09.24 01:13 B C:\WebShare\wwwroot\ramshead\archives\gaieties\94\Natural_Born_Gaieties --> transfer.stanford.edu /afs/ir.stanford.edu/group/rams-head/WWW/archives/gaieties/94 Natural_Born_Gaieties
99.09.24 01:13 B C:\WebShare\wwwroot\ramshead\archives\gaieties\94\pictures.html --> transfer.stanford.edu /afs/ir.stanford.edu/group/rams-head/WWW/archives/gaieties/94 pictures.html
99.09.24 01:13 B C:\WebShare\wwwroot\ramshead\archives\gaieties\94\program-100.gif --> transfer.stanford.edu /afs/ir.stanford.edu/group/rams-head/WWW/archives/gaieties/94 program-100.gif
99.09.24 01:13 B C:\WebShare\wwwroot\ramshead\archives\gaieties\94\program.jpg --> transfer.stanford.edu /afs/ir.stanford.edu/group/rams-head/WWW/archives/gaieties/94 program.jpg
99.09.24 01:13 B C:\WebShare\wwwroot\ramshead\archives\gaieties\94\retreat.html --> transfer.stanford.edu /afs/ir.stanford.edu/group/rams-head/WWW/archives/gaieties/94 retreat.html
99.09.24 01:13 B C:\WebShare\wwwroot\ramshead\archives\gaieties\94\script94.html --> transfer.stanford.edu /afs/ir.stanford.edu/group/rams-head/WWW/archives/gaieties/94 script94.html
99.09.24 01:13 B C:\WebShare\wwwroot\ramshead\archives\gaieties\94\shaine.gif --> transfer.stanford.edu /afs/ir.stanford.edu/group/rams-head/WWW/archives/gaieties/94 shaine.gif
99.09.24 01:13 B C:\WebShare\wwwroot\ramshead\archives\gaieties\94\splash.gif --> transfer.stanford.edu /afs/ir.stanford.edu/group/rams-head/WWW/archives/gaieties/94 splash.gif
2000.09.27 23:41 B C:\My Documents\rams-head\WWW\archives\gaieties\94\ws_ftp.log <-- stanford /afs/ir/group/rams-head/WWW/archives/gaieties/94 ws_ftp.log
2000.10.05 23:28 B C:\My Documents\rams\archives\gaieties\94\cast.gif --> transfer.stanford.edu /afs/ir/group/rams-head/WWW/archives/gaieties/94 cast.gif
2000.10.05 23:29 B C:\My Documents\rams\archives\gaieties\94\frolic.gif --> transfer.stanford.edu /afs/ir/group/rams-head/WWW/archives/gaieties/94 frolic.gif
2000.10.05 23:29 B C:\My Documents\rams\archives\gaieties\94\hair.gif --> transfer.stanford.edu /afs/ir/group/rams-head/WWW/archives/gaieties/94 hair.gif
2000.10.05 23:29 B C:\My Documents\rams\archives\gaieties\94\jeff_julie.GIF --> transfer.stanford.edu /afs/ir/group/rams-head/WWW/archives/gaieties/94 jeff_julie.GIF
2000.10.05 23:29 B C:\My Documents\rams\archives\gaieties\94\music.html --> transfer.stanford.edu /afs/ir/group/rams-head/WWW/archives/gaieties/94 music.html
2000.10.05 23:29 B C:\My Documents\rams\archives\gaieties\94\Natural_Born_Gaieties --> transfer.stanford.edu /afs/ir/group/rams-head/WWW/archives/gaieties/94 Natural_Born_Gaieties
2000.10.05 23:29 B C:\My Documents\rams\archives\gaieties\94\pictures.html --> transfer.stanford.edu /afs/ir/group/rams-head/WWW/archives/gaieties/94 pictures.html
2000.10.05 23:30 B C:\My Documents\rams\archives\gaieties\94\program-100.gif --> transfer.stanford.edu /afs/ir/group/rams-head/WWW/archives/gaieties/94 program-100.gif
2000.10.05 23:30 B C:\My Documents\rams\archives\gaieties\94\program.jpg --> transfer.stanford.edu /afs/ir/group/rams-head/WWW/archives/gaieties/94 program.jpg
2000.10.05 23:30 B C:\My Documents\rams\archives\gaieties\94\retreat.html --> transfer.stanford.edu /afs/ir/group/rams-head/WWW/archives/gaieties/94 retreat.html
2000.10.05 23:30 B C:\My Documents\rams\archives\gaieties\94\script94.html --> transfer.stanford.edu /afs/ir/group/rams-head/WWW/archives/gaieties/94 script94.html
2000.10.05 23:30 B C:\My Documents\rams\archives\gaieties\94\shaine.gif --> transfer.stanford.edu /afs/ir/group/rams-head/WWW/archives/gaieties/94 shaine.gif
2000.10.05 23:31 B C:\My Documents\rams\archives\gaieties\94\splash.gif --> transfer.stanford.edu /afs/ir/group/rams-head/WWW/archives/gaieties/94 splash.gif
